[0.691s] DEBUG:colcon:Command line arguments: ['/usr/bin/colcon', 'build']
[0.692s] DEBUG:colcon:Parsed command line arguments: Namespace(log_base=None, log_level=None, verb_name='build', build_base='build', install_base='install', merge_install=False, symlink_install=False, test_result_base=None, continue_on_error=False, executor='parallel', parallel_workers=16, event_handlers=None, ignore_user_meta=False, metas=['./colcon.meta'], base_paths=['.'], packages_ignore=None, packages_ignore_regex=None, paths=None, packages_up_to=None, packages_up_to_regex=None, packages_above=None, packages_above_and_dependencies=None, packages_above_depth=None, packages_select_by_dep=None, packages_skip_by_dep=None, packages_skip_up_to=None, packages_select_build_failed=False, packages_skip_build_finished=False, packages_select_test_failures=False, packages_skip_test_passed=False, packages_select=None, packages_skip=None, packages_select_regex=None, packages_skip_regex=None, packages_start=None, packages_end=None, allow_overriding=[], cmake_args=None, cmake_target=None, cmake_target_skip_unavailable=False, cmake_clean_cache=False, cmake_clean_first=False, cmake_force_configure=False, ament_cmake_args=None, catkin_cmake_args=None, catkin_skip_building_tests=False, mixin_files=None, mixin=None, verb_parser=<colcon_mixin.mixin.mixin_argument.MixinArgumentDecorator object at 0x71d02e9bcb90>, verb_extension=<colcon_core.verb.build.BuildVerb object at 0x71d02e9bc8f0>, main=<bound method BuildVerb.main of <colcon_core.verb.build.BuildVerb object at 0x71d02e9bc8f0>>, mixin_verb=('build',))
[0.789s] Level 1:colcon.colcon_core.package_discovery:discover_packages(colcon_meta) check parameters
[0.789s] Level 1:colcon.colcon_core.package_discovery:discover_packages(recursive) check parameters
[0.789s] Level 1:colcon.colcon_core.package_discovery:discover_packages(ignore) check parameters
[0.789s] Level 1:colcon.colcon_core.package_discovery:discover_packages(path) check parameters
[0.789s] Level 1:colcon.colcon_core.package_discovery:discover_packages(colcon_meta) discover
[0.789s] Level 1:colcon.colcon_core.package_discovery:discover_packages(recursive) discover
[0.789s] INFO:colcon.colcon_core.package_discovery:Crawling recursively for packages in '/home/vusolee806/ydlidar_ros2_ws'
[0.790s] Level 1:colcon.colcon_core.package_identification:_identify(.) by extensions ['ignore', 'ignore_ament_install']
[0.790s] Level 1:colcon.colcon_core.package_identification:_identify(.) by extension 'ignore'
[0.790s] Level 1:colcon.colcon_core.package_identification:_identify(.) by extension 'ignore_ament_install'
[0.790s] Level 1:colcon.colcon_core.package_identification:_identify(.) by extensions ['colcon_pkg']
[0.790s] Level 1:colcon.colcon_core.package_identification:_identify(.) by extension 'colcon_pkg'
[0.790s] Level 1:colcon.colcon_core.package_identification:_identify(.) by extensions ['colcon_meta']
[0.790s] Level 1:colcon.colcon_core.package_identification:_identify(.) by extension 'colcon_meta'
[0.790s] Level 1:colcon.colcon_core.package_identification:_identify(.) by extensions ['ros']
[0.790s] Level 1:colcon.colcon_core.package_identification:_identify(.) by extension 'ros'
[0.838s] Level 1:colcon.colcon_core.package_identification:_identify(.) by extensions ['cmake', 'python']
[0.839s] Level 1:colcon.colcon_core.package_identification:_identify(.) by extension 'cmake'
[0.839s] Level 1:colcon.colcon_core.package_identification:_identify(.) by extension 'python'
[0.839s] Level 1:colcon.colcon_core.package_identification:_identify(.) by extensions ['python_setup_py']
[0.839s] Level 1:colcon.colcon_core.package_identification:_identify(.) by extension 'python_setup_py'
[0.839s] Level 1:colcon.colcon_core.package_identification:_identify(build) by extensions ['ignore', 'ignore_ament_install']
[0.839s] Level 1:colcon.colcon_core.package_identification:_identify(build) by extension 'ignore'
[0.839s] Level 1:colcon.colcon_core.package_identification:_identify(build) ignored
[0.840s] Level 1:colcon.colcon_core.package_identification:_identify(install) by extensions ['ignore', 'ignore_ament_install']
[0.840s] Level 1:colcon.colcon_core.package_identification:_identify(install) by extension 'ignore'
[0.840s] Level 1:colcon.colcon_core.package_identification:_identify(install) ignored
[0.840s] Level 1:colcon.colcon_core.package_identification:_identify(log) by extensions ['ignore', 'ignore_ament_install']
[0.840s] Level 1:colcon.colcon_core.package_identification:_identify(log) by extension 'ignore'
[0.840s] Level 1:colcon.colcon_core.package_identification:_identify(log) ignored
[0.840s] Level 1:colcon.colcon_core.package_identification:_identify(src) by extensions ['ignore', 'ignore_ament_install']
[0.840s] Level 1:colcon.colcon_core.package_identification:_identify(src) by extension 'ignore'
[0.840s] Level 1:colcon.colcon_core.package_identification:_identify(src) by extension 'ignore_ament_install'
[0.841s] Level 1:colcon.colcon_core.package_identification:_identify(src) by extensions ['colcon_pkg']
[0.841s] Level 1:colcon.colcon_core.package_identification:_identify(src) by extension 'colcon_pkg'
[0.841s] Level 1:colcon.colcon_core.package_identification:_identify(src) by extensions ['colcon_meta']
[0.841s] Level 1:colcon.colcon_core.package_identification:_identify(src) by extension 'colcon_meta'
[0.841s] Level 1:colcon.colcon_core.package_identification:_identify(src) by extensions ['ros']
[0.841s] Level 1:colcon.colcon_core.package_identification:_identify(src) by extension 'ros'
[0.841s] Level 1:colcon.colcon_core.package_identification:_identify(src) by extensions ['cmake', 'python']
[0.841s] Level 1:colcon.colcon_core.package_identification:_identify(src) by extension 'cmake'
[0.841s] Level 1:colcon.colcon_core.package_identification:_identify(src) by extension 'python'
[0.841s] Level 1:colcon.colcon_core.package_identification:_identify(src) by extensions ['python_setup_py']
[0.841s] Level 1:colcon.colcon_core.package_identification:_identify(src) by extension 'python_setup_py'
[0.841s] Level 1:colcon.colcon_core.package_identification:_identify(src/openslam_gmapping) by extensions ['ignore', 'ignore_ament_install']
[0.841s] Level 1:colcon.colcon_core.package_identification:_identify(src/openslam_gmapping) by extension 'ignore'
[0.841s] Level 1:colcon.colcon_core.package_identification:_identify(src/openslam_gmapping) by extension 'ignore_ament_install'
[0.842s] Level 1:colcon.colcon_core.package_identification:_identify(src/openslam_gmapping) by extensions ['colcon_pkg']
[0.842s] Level 1:colcon.colcon_core.package_identification:_identify(src/openslam_gmapping) by extension 'colcon_pkg'
[0.842s] Level 1:colcon.colcon_core.package_identification:_identify(src/openslam_gmapping) by extensions ['colcon_meta']
[0.842s] Level 1:colcon.colcon_core.package_identification:_identify(src/openslam_gmapping) by extension 'colcon_meta'
[0.842s] Level 1:colcon.colcon_core.package_identification:_identify(src/openslam_gmapping) by extensions ['ros']
[0.842s] Level 1:colcon.colcon_core.package_identification:_identify(src/openslam_gmapping) by extension 'ros'
[0.846s] DEBUG:colcon.colcon_core.package_identification:Package 'src/openslam_gmapping' with type 'ros.ament_cmake' and name 'openslam_gmapping'
[0.847s] Level 1:colcon.colcon_core.package_identification:_identify(src/slam_gmapping) by extensions ['ignore', 'ignore_ament_install']
[0.847s] Level 1:colcon.colcon_core.package_identification:_identify(src/slam_gmapping) by extension 'ignore'
[0.847s] Level 1:colcon.colcon_core.package_identification:_identify(src/slam_gmapping) by extension 'ignore_ament_install'
[0.847s] Level 1:colcon.colcon_core.package_identification:_identify(src/slam_gmapping) by extensions ['colcon_pkg']
[0.847s] Level 1:colcon.colcon_core.package_identification:_identify(src/slam_gmapping) by extension 'colcon_pkg'
[0.847s] Level 1:colcon.colcon_core.package_identification:_identify(src/slam_gmapping) by extensions ['colcon_meta']
[0.848s] Level 1:colcon.colcon_core.package_identification:_identify(src/slam_gmapping) by extension 'colcon_meta'
[0.848s] Level 1:colcon.colcon_core.package_identification:_identify(src/slam_gmapping) by extensions ['ros']
[0.848s] Level 1:colcon.colcon_core.package_identification:_identify(src/slam_gmapping) by extension 'ros'
[0.849s] DEBUG:colcon.colcon_core.package_identification:Package 'src/slam_gmapping' with type 'ros.ament_cmake' and name 'slam_gmapping'
[0.849s] Level 1:colcon.colcon_core.package_identification:_identify(src/ydlidar_ros2_driver) by extensions ['ignore', 'ignore_ament_install']
[0.850s] Level 1:colcon.colcon_core.package_identification:_identify(src/ydlidar_ros2_driver) by extension 'ignore'
[0.850s] Level 1:colcon.colcon_core.package_identification:_identify(src/ydlidar_ros2_driver) by extension 'ignore_ament_install'
[0.850s] Level 1:colcon.colcon_core.package_identification:_identify(src/ydlidar_ros2_driver) by extensions ['colcon_pkg']
[0.850s] Level 1:colcon.colcon_core.package_identification:_identify(src/ydlidar_ros2_driver) by extension 'colcon_pkg'
[0.850s] Level 1:colcon.colcon_core.package_identification:_identify(src/ydlidar_ros2_driver) by extensions ['colcon_meta']
[0.850s] Level 1:colcon.colcon_core.package_identification:_identify(src/ydlidar_ros2_driver) by extension 'colcon_meta'
[0.850s] Level 1:colcon.colcon_core.package_identification:_identify(src/ydlidar_ros2_driver) by extensions ['ros']
[0.850s] Level 1:colcon.colcon_core.package_identification:_identify(src/ydlidar_ros2_driver) by extension 'ros'
[0.851s] DEBUG:colcon.colcon_core.package_identification:Package 'src/ydlidar_ros2_driver' with type 'ros.ament_cmake' and name 'ydlidar_ros2_driver'
[0.851s] Level 1:colcon.colcon_core.package_discovery:discover_packages(recursive) using defaults
[0.851s] Level 1:colcon.colcon_core.package_discovery:discover_packages(ignore) discover
[0.851s] Level 1:colcon.colcon_core.package_discovery:discover_packages(ignore) using defaults
[0.851s] Level 1:colcon.colcon_core.package_discovery:discover_packages(path) discover
[0.851s] Level 1:colcon.colcon_core.package_discovery:discover_packages(path) using defaults
[0.900s] Level 1:colcon.colcon_core.package_discovery:discover_packages(prefix_path) check parameters
[0.900s] Level 1:colcon.colcon_core.package_discovery:discover_packages(prefix_path) discover
[0.910s] DEBUG:colcon.colcon_installed_package_information.package_discovery:Found 503 installed packages in /opt/ros/jazzy
[0.913s] Level 1:colcon.colcon_core.package_discovery:discover_packages(prefix_path) using defaults
[1.088s] Level 5:colcon.colcon_core.verb:set package 'openslam_gmapping' build argument 'cmake_args' from command line to 'None'
[1.088s] Level 5:colcon.colcon_core.verb:set package 'openslam_gmapping' build argument 'cmake_target' from command line to 'None'
[1.088s] Level 5:colcon.colcon_core.verb:set package 'openslam_gmapping' build argument 'cmake_target_skip_unavailable' from command line to 'False'
[1.088s] Level 5:colcon.colcon_core.verb:set package 'openslam_gmapping' build argument 'cmake_clean_cache' from command line to 'False'
[1.088s] Level 5:colcon.colcon_core.verb:set package 'openslam_gmapping' build argument 'cmake_clean_first' from command line to 'False'
[1.088s] Level 5:colcon.colcon_core.verb:set package 'openslam_gmapping' build argument 'cmake_force_configure' from command line to 'False'
[1.088s] Level 5:colcon.colcon_core.verb:set package 'openslam_gmapping' build argument 'ament_cmake_args' from command line to 'None'
[1.088s] Level 5:colcon.colcon_core.verb:set package 'openslam_gmapping' build argument 'catkin_cmake_args' from command line to 'None'
[1.088s] Level 5:colcon.colcon_core.verb:set package 'openslam_gmapping' build argument 'catkin_skip_building_tests' from command line to 'False'
[1.088s] DEBUG:colcon.colcon_core.verb:Building package 'openslam_gmapping' with the following arguments: {'ament_cmake_args': None, 'build_base': '/home/vusolee806/ydlidar_ros2_ws/build/openslam_gmapping', 'catkin_cmake_args': None, 'catkin_skip_building_tests': False, 'cmake_args': None, 'cmake_clean_cache': False, 'cmake_clean_first': False, 'cmake_force_configure': False, 'cmake_target': None, 'cmake_target_skip_unavailable': False, 'install_base': '/home/vusolee806/ydlidar_ros2_ws/install/openslam_gmapping', 'merge_install': False, 'path': '/home/vusolee806/ydlidar_ros2_ws/src/openslam_gmapping', 'symlink_install': False, 'test_result_base': None}
[1.088s] Level 5:colcon.colcon_core.verb:set package 'ydlidar_ros2_driver' build argument 'cmake_args' from command line to 'None'
[1.088s] Level 5:colcon.colcon_core.verb:set package 'ydlidar_ros2_driver' build argument 'cmake_target' from command line to 'None'
[1.088s] Level 5:colcon.colcon_core.verb:set package 'ydlidar_ros2_driver' build argument 'cmake_target_skip_unavailable' from command line to 'False'
[1.088s] Level 5:colcon.colcon_core.verb:set package 'ydlidar_ros2_driver' build argument 'cmake_clean_cache' from command line to 'False'
[1.088s] Level 5:colcon.colcon_core.verb:set package 'ydlidar_ros2_driver' build argument 'cmake_clean_first' from command line to 'False'
[1.088s] Level 5:colcon.colcon_core.verb:set package 'ydlidar_ros2_driver' build argument 'cmake_force_configure' from command line to 'False'
[1.088s] Level 5:colcon.colcon_core.verb:set package 'ydlidar_ros2_driver' build argument 'ament_cmake_args' from command line to 'None'
[1.089s] Level 5:colcon.colcon_core.verb:set package 'ydlidar_ros2_driver' build argument 'catkin_cmake_args' from command line to 'None'
[1.089s] Level 5:colcon.colcon_core.verb:set package 'ydlidar_ros2_driver' build argument 'catkin_skip_building_tests' from command line to 'False'
[1.089s] DEBUG:colcon.colcon_core.verb:Building package 'ydlidar_ros2_driver' with the following arguments: {'ament_cmake_args': None, 'build_base': '/home/vusolee806/ydlidar_ros2_ws/build/ydlidar_ros2_driver', 'catkin_cmake_args': None, 'catkin_skip_building_tests': False, 'cmake_args': None, 'cmake_clean_cache': False, 'cmake_clean_first': False, 'cmake_force_configure': False, 'cmake_target': None, 'cmake_target_skip_unavailable': False, 'install_base': '/home/vusolee806/ydlidar_ros2_ws/install/ydlidar_ros2_driver', 'merge_install': False, 'path': '/home/vusolee806/ydlidar_ros2_ws/src/ydlidar_ros2_driver', 'symlink_install': False, 'test_result_base': None}
[1.089s] Level 5:colcon.colcon_core.verb:set package 'slam_gmapping' build argument 'cmake_args' from command line to 'None'
[1.089s] Level 5:colcon.colcon_core.verb:set package 'slam_gmapping' build argument 'cmake_target' from command line to 'None'
[1.089s] Level 5:colcon.colcon_core.verb:set package 'slam_gmapping' build argument 'cmake_target_skip_unavailable' from command line to 'False'
[1.089s] Level 5:colcon.colcon_core.verb:set package 'slam_gmapping' build argument 'cmake_clean_cache' from command line to 'False'
[1.089s] Level 5:colcon.colcon_core.verb:set package 'slam_gmapping' build argument 'cmake_clean_first' from command line to 'False'
[1.089s] Level 5:colcon.colcon_core.verb:set package 'slam_gmapping' build argument 'cmake_force_configure' from command line to 'False'
[1.089s] Level 5:colcon.colcon_core.verb:set package 'slam_gmapping' build argument 'ament_cmake_args' from command line to 'None'
[1.089s] Level 5:colcon.colcon_core.verb:set package 'slam_gmapping' build argument 'catkin_cmake_args' from command line to 'None'
[1.089s] Level 5:colcon.colcon_core.verb:set package 'slam_gmapping' build argument 'catkin_skip_building_tests' from command line to 'False'
[1.089s] DEBUG:colcon.colcon_core.verb:Building package 'slam_gmapping' with the following arguments: {'ament_cmake_args': None, 'build_base': '/home/vusolee806/ydlidar_ros2_ws/build/slam_gmapping', 'catkin_cmake_args': None, 'catkin_skip_building_tests': False, 'cmake_args': None, 'cmake_clean_cache': False, 'cmake_clean_first': False, 'cmake_force_configure': False, 'cmake_target': None, 'cmake_target_skip_unavailable': False, 'install_base': '/home/vusolee806/ydlidar_ros2_ws/install/slam_gmapping', 'merge_install': False, 'path': '/home/vusolee806/ydlidar_ros2_ws/src/slam_gmapping', 'symlink_install': False, 'test_result_base': None}
[1.090s] INFO:colcon.colcon_core.executor:Executing jobs using 'parallel' executor
[1.091s] DEBUG:colcon.colcon_parallel_executor.executor.parallel:run_until_complete
[1.092s] INFO:colcon.colcon_ros.task.ament_cmake.build:Building ROS package in '/home/vusolee806/ydlidar_ros2_ws/src/openslam_gmapping' with build type 'ament_cmake'
[1.093s] INFO:colcon.colcon_cmake.task.cmake.build:Building CMake package in '/home/vusolee806/ydlidar_ros2_ws/src/openslam_gmapping'
[1.100s] INFO:colcon.colcon_core.plugin_system:Skipping extension 'colcon_core.shell.bat': Not used on non-Windows systems
[1.100s] INFO:colcon.colcon_core.shell:Skip shell extension 'powershell' for command environment: Not usable outside of PowerShell
[1.100s] DEBUG:colcon.colcon_core.shell:Skip shell extension 'dsv' for command environment
[1.107s] INFO:colcon.colcon_ros.task.ament_cmake.build:Building ROS package in '/home/vusolee806/ydlidar_ros2_ws/src/ydlidar_ros2_driver' with build type 'ament_cmake'
[1.108s] INFO:colcon.colcon_cmake.task.cmake.build:Building CMake package in '/home/vusolee806/ydlidar_ros2_ws/src/ydlidar_ros2_driver'
[1.108s] INFO:colcon.colcon_core.shell:Skip shell extension 'powershell' for command environment: Not usable outside of PowerShell
[1.108s] DEBUG:colcon.colcon_core.shell:Skip shell extension 'dsv' for command environment
[1.119s] DEBUG:colcon.colcon_core.event_handler.log_command:Invoking command in '/home/vusolee806/ydlidar_ros2_ws/build/openslam_gmapping': CMAKE_PREFIX_PATH=${CMAKE_PREFIX_PATH}:/opt/ros/jazzy DEBUGINFOD_URLS=https://debuginfod.ubuntu.com /usr/bin/cmake /home/vusolee806/ydlidar_ros2_ws/src/openslam_gmapping -DCMAKE_INSTALL_PREFIX=/home/vusolee806/ydlidar_ros2_ws/install/openslam_gmapping
[1.154s] DEBUG:colcon.colcon_core.event_handler.log_command:Invoking command in '/home/vusolee806/ydlidar_ros2_ws/build/ydlidar_ros2_driver': CMAKE_PREFIX_PATH=${CMAKE_PREFIX_PATH}:/opt/ros/jazzy DEBUGINFOD_URLS=https://debuginfod.ubuntu.com /usr/bin/cmake /home/vusolee806/ydlidar_ros2_ws/src/ydlidar_ros2_driver -DCMAKE_INSTALL_PREFIX=/home/vusolee806/ydlidar_ros2_ws/install/ydlidar_ros2_driver
[2.003s] DEBUG:colcon.colcon_core.event_handler.log_command:Invoked command in '/home/vusolee806/ydlidar_ros2_ws/build/openslam_gmapping' returned '0': CMAKE_PREFIX_PATH=${CMAKE_PREFIX_PATH}:/opt/ros/jazzy DEBUGINFOD_URLS=https://debuginfod.ubuntu.com /usr/bin/cmake /home/vusolee806/ydlidar_ros2_ws/src/openslam_gmapping -DCMAKE_INSTALL_PREFIX=/home/vusolee806/ydlidar_ros2_ws/install/openslam_gmapping
[2.005s] DEBUG:colcon.colcon_core.event_handler.log_command:Invoking command in '/home/vusolee806/ydlidar_ros2_ws/build/openslam_gmapping': CMAKE_PREFIX_PATH=${CMAKE_PREFIX_PATH}:/opt/ros/jazzy DEBUGINFOD_URLS=https://debuginfod.ubuntu.com /usr/bin/cmake --build /home/vusolee806/ydlidar_ros2_ws/build/openslam_gmapping -- -j16 -l16
[2.309s] DEBUG:colcon.colcon_core.event_handler.log_command:Invoked command in '/home/vusolee806/ydlidar_ros2_ws/build/openslam_gmapping' returned '0': CMAKE_PREFIX_PATH=${CMAKE_PREFIX_PATH}:/opt/ros/jazzy DEBUGINFOD_URLS=https://debuginfod.ubuntu.com /usr/bin/cmake --build /home/vusolee806/ydlidar_ros2_ws/build/openslam_gmapping -- -j16 -l16
[2.328s] DEBUG:colcon.colcon_core.event_handler.log_command:Invoking command in '/home/vusolee806/ydlidar_ros2_ws/build/openslam_gmapping': CMAKE_PREFIX_PATH=${CMAKE_PREFIX_PATH}:/opt/ros/jazzy DEBUGINFOD_URLS=https://debuginfod.ubuntu.com /usr/bin/cmake --install /home/vusolee806/ydlidar_ros2_ws/build/openslam_gmapping
[2.463s] Level 1:colcon.colcon_core.environment:create_environment_scripts_only(openslam_gmapping)
[2.464s] DEBUG:colcon.colcon_core.event_handler.log_command:Invoked command in '/home/vusolee806/ydlidar_ros2_ws/build/openslam_gmapping' returned '0': CMAKE_PREFIX_PATH=${CMAKE_PREFIX_PATH}:/opt/ros/jazzy DEBUGINFOD_URLS=https://debuginfod.ubuntu.com /usr/bin/cmake --install /home/vusolee806/ydlidar_ros2_ws/build/openslam_gmapping
[2.470s] Level 1:colcon.colcon_core.environment:checking '/home/vusolee806/ydlidar_ros2_ws/install/openslam_gmapping' for CMake module files
[2.471s] Level 1:colcon.colcon_core.environment:checking '/home/vusolee806/ydlidar_ros2_ws/install/openslam_gmapping' for CMake config files
[2.472s] Level 1:colcon.colcon_core.shell:create_environment_hook('openslam_gmapping', 'cmake_prefix_path')
[2.472s] INFO:colcon.colcon_core.shell:Creating environment hook '/home/vusolee806/ydlidar_ros2_ws/install/openslam_gmapping/share/openslam_gmapping/hook/cmake_prefix_path.ps1'
[2.474s] INFO:colcon.colcon_core.shell:Creating environment descriptor '/home/vusolee806/ydlidar_ros2_ws/install/openslam_gmapping/share/openslam_gmapping/hook/cmake_prefix_path.dsv'
[2.474s] INFO:colcon.colcon_core.shell:Creating environment hook '/home/vusolee806/ydlidar_ros2_ws/install/openslam_gmapping/share/openslam_gmapping/hook/cmake_prefix_path.sh'
[2.476s] Level 1:colcon.colcon_core.environment:checking '/home/vusolee806/ydlidar_ros2_ws/install/openslam_gmapping/lib'
[2.476s] Level 1:colcon.colcon_core.environment:checking '/home/vusolee806/ydlidar_ros2_ws/install/openslam_gmapping/bin'
[2.476s] Level 1:colcon.colcon_core.environment:checking '/home/vusolee806/ydlidar_ros2_ws/install/openslam_gmapping/lib/pkgconfig/openslam_gmapping.pc'
[2.476s] Level 1:colcon.colcon_core.environment:checking '/home/vusolee806/ydlidar_ros2_ws/install/openslam_gmapping/lib/python3.12/site-packages'
[2.477s] Level 1:colcon.colcon_core.environment:checking '/home/vusolee806/ydlidar_ros2_ws/install/openslam_gmapping/bin'
[2.477s] INFO:colcon.colcon_core.shell:Creating package script '/home/vusolee806/ydlidar_ros2_ws/install/openslam_gmapping/share/openslam_gmapping/package.ps1'
[2.479s] INFO:colcon.colcon_core.shell:Creating package descriptor '/home/vusolee806/ydlidar_ros2_ws/install/openslam_gmapping/share/openslam_gmapping/package.dsv'
[2.480s] INFO:colcon.colcon_core.shell:Creating package script '/home/vusolee806/ydlidar_ros2_ws/install/openslam_gmapping/share/openslam_gmapping/package.sh'
[2.481s] INFO:colcon.colcon_core.shell:Creating package script '/home/vusolee806/ydlidar_ros2_ws/install/openslam_gmapping/share/openslam_gmapping/package.bash'
[2.482s] INFO:colcon.colcon_core.shell:Creating package script '/home/vusolee806/ydlidar_ros2_ws/install/openslam_gmapping/share/openslam_gmapping/package.zsh'
[2.483s] Level 1:colcon.colcon_core.environment:create_file_with_runtime_dependencies(/home/vusolee806/ydlidar_ros2_ws/install/openslam_gmapping/share/colcon-core/packages/openslam_gmapping)
[2.483s] Level 1:colcon.colcon_core.environment:create_environment_scripts_only(openslam_gmapping)
[2.484s] Level 1:colcon.colcon_core.environment:checking '/home/vusolee806/ydlidar_ros2_ws/install/openslam_gmapping' for CMake module files
[2.484s] Level 1:colcon.colcon_core.environment:checking '/home/vusolee806/ydlidar_ros2_ws/install/openslam_gmapping' for CMake config files
[2.486s] Level 1:colcon.colcon_core.shell:create_environment_hook('openslam_gmapping', 'cmake_prefix_path')
[2.486s] INFO:colcon.colcon_core.shell:Creating environment hook '/home/vusolee806/ydlidar_ros2_ws/install/openslam_gmapping/share/openslam_gmapping/hook/cmake_prefix_path.ps1'
[2.486s] INFO:colcon.colcon_core.shell:Creating environment descriptor '/home/vusolee806/ydlidar_ros2_ws/install/openslam_gmapping/share/openslam_gmapping/hook/cmake_prefix_path.dsv'
[2.487s] INFO:colcon.colcon_core.shell:Creating environment hook '/home/vusolee806/ydlidar_ros2_ws/install/openslam_gmapping/share/openslam_gmapping/hook/cmake_prefix_path.sh'
[2.488s] Level 1:colcon.colcon_core.environment:checking '/home/vusolee806/ydlidar_ros2_ws/install/openslam_gmapping/lib'
[2.488s] Level 1:colcon.colcon_core.environment:checking '/home/vusolee806/ydlidar_ros2_ws/install/openslam_gmapping/bin'
[2.488s] Level 1:colcon.colcon_core.environment:checking '/home/vusolee806/ydlidar_ros2_ws/install/openslam_gmapping/lib/pkgconfig/openslam_gmapping.pc'
[2.488s] Level 1:colcon.colcon_core.environment:checking '/home/vusolee806/ydlidar_ros2_ws/install/openslam_gmapping/lib/python3.12/site-packages'
[2.488s] Level 1:colcon.colcon_core.environment:checking '/home/vusolee806/ydlidar_ros2_ws/install/openslam_gmapping/bin'
[2.489s] INFO:colcon.colcon_core.shell:Creating package script '/home/vusolee806/ydlidar_ros2_ws/install/openslam_gmapping/share/openslam_gmapping/package.ps1'
[2.489s] INFO:colcon.colcon_core.shell:Creating package descriptor '/home/vusolee806/ydlidar_ros2_ws/install/openslam_gmapping/share/openslam_gmapping/package.dsv'
[2.490s] INFO:colcon.colcon_core.shell:Creating package script '/home/vusolee806/ydlidar_ros2_ws/install/openslam_gmapping/share/openslam_gmapping/package.sh'
[2.490s] INFO:colcon.colcon_core.shell:Creating package script '/home/vusolee806/ydlidar_ros2_ws/install/openslam_gmapping/share/openslam_gmapping/package.bash'
[2.491s] INFO:colcon.colcon_core.shell:Creating package script '/home/vusolee806/ydlidar_ros2_ws/install/openslam_gmapping/share/openslam_gmapping/package.zsh'
[2.491s] Level 1:colcon.colcon_core.environment:create_file_with_runtime_dependencies(/home/vusolee806/ydlidar_ros2_ws/install/openslam_gmapping/share/colcon-core/packages/openslam_gmapping)
[2.492s] INFO:colcon.colcon_ros.task.ament_cmake.build:Building ROS package in '/home/vusolee806/ydlidar_ros2_ws/src/slam_gmapping' with build type 'ament_cmake'
[2.492s] INFO:colcon.colcon_cmake.task.cmake.build:Building CMake package in '/home/vusolee806/ydlidar_ros2_ws/src/slam_gmapping'
[2.493s] INFO:colcon.colcon_core.shell:Skip shell extension 'powershell' for command environment: Not usable outside of PowerShell
[2.493s] DEBUG:colcon.colcon_core.shell:Skip shell extension 'dsv' for command environment
[2.512s] DEBUG:colcon.colcon_core.event_handler.log_command:Invoking command in '/home/vusolee806/ydlidar_ros2_ws/build/slam_gmapping': AMENT_PREFIX_PATH=/home/vusolee806/ydlidar_ros2_ws/install/openslam_gmapping:${AMENT_PREFIX_PATH} CMAKE_PREFIX_PATH=/home/vusolee806/ydlidar_ros2_ws/install/openslam_gmapping:/opt/ros/jazzy/opt/gz_sim_vendor:/opt/ros/jazzy/opt/gz_sensors_vendor:/opt/ros/jazzy/opt/gz_physics_vendor:/opt/ros/jazzy/opt/sdformat_vendor:/opt/ros/jazzy/opt/gz_gui_vendor:/opt/ros/jazzy/opt/gz_transport_vendor:/opt/ros/jazzy/opt/gz_rendering_vendor:/opt/ros/jazzy/opt/gz_plugin_vendor:/opt/ros/jazzy/opt/gz_fuel_tools_vendor:/opt/ros/jazzy/opt/gz_msgs_vendor:/opt/ros/jazzy/opt/gz_common_vendor:/opt/ros/jazzy/opt/gz_math_vendor:/opt/ros/jazzy/opt/gz_utils_vendor:/opt/ros/jazzy/opt/gz_tools_vendor:/opt/ros/jazzy/opt/gz_ogre_next_vendor:/opt/ros/jazzy/opt/gz_dartsim_vendor:/opt/ros/jazzy/opt/gz_cmake_vendor:/opt/ros/jazzy DEBUGINFOD_URLS=https://debuginfod.ubuntu.com LD_LIBRARY_PATH=/home/vusolee806/ydlidar_ros2_ws/install/openslam_gmapping/lib:${LD_LIBRARY_PATH} /usr/bin/cmake --build /home/vusolee806/ydlidar_ros2_ws/build/slam_gmapping -- -j16 -l16
[2.857s] DEBUG:colcon.colcon_core.event_handler.log_command:Invoked command in '/home/vusolee806/ydlidar_ros2_ws/build/ydlidar_ros2_driver' returned '0': CMAKE_PREFIX_PATH=${CMAKE_PREFIX_PATH}:/opt/ros/jazzy DEBUGINFOD_URLS=https://debuginfod.ubuntu.com /usr/bin/cmake /home/vusolee806/ydlidar_ros2_ws/src/ydlidar_ros2_driver -DCMAKE_INSTALL_PREFIX=/home/vusolee806/ydlidar_ros2_ws/install/ydlidar_ros2_driver
[2.858s] DEBUG:colcon.colcon_core.event_handler.log_command:Invoking command in '/home/vusolee806/ydlidar_ros2_ws/build/ydlidar_ros2_driver': CMAKE_PREFIX_PATH=${CMAKE_PREFIX_PATH}:/opt/ros/jazzy DEBUGINFOD_URLS=https://debuginfod.ubuntu.com /usr/bin/cmake --build /home/vusolee806/ydlidar_ros2_ws/build/ydlidar_ros2_driver -- -j16 -l16
[3.007s] DEBUG:colcon.colcon_core.event_handler.log_command:Invoked command in '/home/vusolee806/ydlidar_ros2_ws/build/ydlidar_ros2_driver' returned '0': CMAKE_PREFIX_PATH=${CMAKE_PREFIX_PATH}:/opt/ros/jazzy DEBUGINFOD_URLS=https://debuginfod.ubuntu.com /usr/bin/cmake --build /home/vusolee806/ydlidar_ros2_ws/build/ydlidar_ros2_driver -- -j16 -l16
[3.008s] DEBUG:colcon.colcon_core.event_handler.log_command:Invoking command in '/home/vusolee806/ydlidar_ros2_ws/build/ydlidar_ros2_driver': CMAKE_PREFIX_PATH=${CMAKE_PREFIX_PATH}:/opt/ros/jazzy DEBUGINFOD_URLS=https://debuginfod.ubuntu.com /usr/bin/cmake --install /home/vusolee806/ydlidar_ros2_ws/build/ydlidar_ros2_driver
[3.058s] Level 1:colcon.colcon_core.environment:create_environment_scripts_only(ydlidar_ros2_driver)
[3.058s] Level 1:colcon.colcon_core.environment:checking '/home/vusolee806/ydlidar_ros2_ws/install/ydlidar_ros2_driver' for CMake module files
[3.059s] DEBUG:colcon.colcon_core.event_handler.log_command:Invoked command in '/home/vusolee806/ydlidar_ros2_ws/build/ydlidar_ros2_driver' returned '0': CMAKE_PREFIX_PATH=${CMAKE_PREFIX_PATH}:/opt/ros/jazzy DEBUGINFOD_URLS=https://debuginfod.ubuntu.com /usr/bin/cmake --install /home/vusolee806/ydlidar_ros2_ws/build/ydlidar_ros2_driver
[3.061s] Level 1:colcon.colcon_core.environment:checking '/home/vusolee806/ydlidar_ros2_ws/install/ydlidar_ros2_driver' for CMake config files
[3.061s] Level 1:colcon.colcon_core.shell:create_environment_hook('ydlidar_ros2_driver', 'cmake_prefix_path')
[3.062s] INFO:colcon.colcon_core.shell:Creating environment hook '/home/vusolee806/ydlidar_ros2_ws/install/ydlidar_ros2_driver/share/ydlidar_ros2_driver/hook/cmake_prefix_path.ps1'
[3.063s] INFO:colcon.colcon_core.shell:Creating environment descriptor '/home/vusolee806/ydlidar_ros2_ws/install/ydlidar_ros2_driver/share/ydlidar_ros2_driver/hook/cmake_prefix_path.dsv'
[3.063s] INFO:colcon.colcon_core.shell:Creating environment hook '/home/vusolee806/ydlidar_ros2_ws/install/ydlidar_ros2_driver/share/ydlidar_ros2_driver/hook/cmake_prefix_path.sh'
[3.064s] Level 1:colcon.colcon_core.environment:checking '/home/vusolee806/ydlidar_ros2_ws/install/ydlidar_ros2_driver/lib'
[3.064s] Level 1:colcon.colcon_core.environment:checking '/home/vusolee806/ydlidar_ros2_ws/install/ydlidar_ros2_driver/bin'
[3.065s] Level 1:colcon.colcon_core.environment:checking '/home/vusolee806/ydlidar_ros2_ws/install/ydlidar_ros2_driver/lib/pkgconfig/ydlidar_ros2_driver.pc'
[3.065s] Level 1:colcon.colcon_core.environment:checking '/home/vusolee806/ydlidar_ros2_ws/install/ydlidar_ros2_driver/lib/python3.12/site-packages'
[3.065s] Level 1:colcon.colcon_core.environment:checking '/home/vusolee806/ydlidar_ros2_ws/install/ydlidar_ros2_driver/bin'
[3.066s] INFO:colcon.colcon_core.shell:Creating package script '/home/vusolee806/ydlidar_ros2_ws/install/ydlidar_ros2_driver/share/ydlidar_ros2_driver/package.ps1'
[3.066s] INFO:colcon.colcon_core.shell:Creating package descriptor '/home/vusolee806/ydlidar_ros2_ws/install/ydlidar_ros2_driver/share/ydlidar_ros2_driver/package.dsv'
[3.067s] INFO:colcon.colcon_core.shell:Creating package script '/home/vusolee806/ydlidar_ros2_ws/install/ydlidar_ros2_driver/share/ydlidar_ros2_driver/package.sh'
[3.067s] INFO:colcon.colcon_core.shell:Creating package script '/home/vusolee806/ydlidar_ros2_ws/install/ydlidar_ros2_driver/share/ydlidar_ros2_driver/package.bash'
[3.068s] INFO:colcon.colcon_core.shell:Creating package script '/home/vusolee806/ydlidar_ros2_ws/install/ydlidar_ros2_driver/share/ydlidar_ros2_driver/package.zsh'
[3.068s] Level 1:colcon.colcon_core.environment:create_file_with_runtime_dependencies(/home/vusolee806/ydlidar_ros2_ws/install/ydlidar_ros2_driver/share/colcon-core/packages/ydlidar_ros2_driver)
[3.069s] Level 1:colcon.colcon_core.environment:create_environment_scripts_only(ydlidar_ros2_driver)
[3.069s] Level 1:colcon.colcon_core.environment:checking '/home/vusolee806/ydlidar_ros2_ws/install/ydlidar_ros2_driver' for CMake module files
[3.069s] Level 1:colcon.colcon_core.environment:checking '/home/vusolee806/ydlidar_ros2_ws/install/ydlidar_ros2_driver' for CMake config files
[3.070s] Level 1:colcon.colcon_core.shell:create_environment_hook('ydlidar_ros2_driver', 'cmake_prefix_path')
[3.070s] INFO:colcon.colcon_core.shell:Creating environment hook '/home/vusolee806/ydlidar_ros2_ws/install/ydlidar_ros2_driver/share/ydlidar_ros2_driver/hook/cmake_prefix_path.ps1'
[3.071s] INFO:colcon.colcon_core.shell:Creating environment descriptor '/home/vusolee806/ydlidar_ros2_ws/install/ydlidar_ros2_driver/share/ydlidar_ros2_driver/hook/cmake_prefix_path.dsv'
[3.071s] INFO:colcon.colcon_core.shell:Creating environment hook '/home/vusolee806/ydlidar_ros2_ws/install/ydlidar_ros2_driver/share/ydlidar_ros2_driver/hook/cmake_prefix_path.sh'
[3.072s] Level 1:colcon.colcon_core.environment:checking '/home/vusolee806/ydlidar_ros2_ws/install/ydlidar_ros2_driver/lib'
[3.072s] Level 1:colcon.colcon_core.environment:checking '/home/vusolee806/ydlidar_ros2_ws/install/ydlidar_ros2_driver/bin'
[3.072s] Level 1:colcon.colcon_core.environment:checking '/home/vusolee806/ydlidar_ros2_ws/install/ydlidar_ros2_driver/lib/pkgconfig/ydlidar_ros2_driver.pc'
[3.073s] Level 1:colcon.colcon_core.environment:checking '/home/vusolee806/ydlidar_ros2_ws/install/ydlidar_ros2_driver/lib/python3.12/site-packages'
[3.073s] Level 1:colcon.colcon_core.environment:checking '/home/vusolee806/ydlidar_ros2_ws/install/ydlidar_ros2_driver/bin'
[3.074s] INFO:colcon.colcon_core.shell:Creating package script '/home/vusolee806/ydlidar_ros2_ws/install/ydlidar_ros2_driver/share/ydlidar_ros2_driver/package.ps1'
[3.075s] INFO:colcon.colcon_core.shell:Creating package descriptor '/home/vusolee806/ydlidar_ros2_ws/install/ydlidar_ros2_driver/share/ydlidar_ros2_driver/package.dsv'
[3.075s] INFO:colcon.colcon_core.shell:Creating package script '/home/vusolee806/ydlidar_ros2_ws/install/ydlidar_ros2_driver/share/ydlidar_ros2_driver/package.sh'
[3.076s] INFO:colcon.colcon_core.shell:Creating package script '/home/vusolee806/ydlidar_ros2_ws/install/ydlidar_ros2_driver/share/ydlidar_ros2_driver/package.bash'
[3.077s] INFO:colcon.colcon_core.shell:Creating package script '/home/vusolee806/ydlidar_ros2_ws/install/ydlidar_ros2_driver/share/ydlidar_ros2_driver/package.zsh'
[3.077s] Level 1:colcon.colcon_core.environment:create_file_with_runtime_dependencies(/home/vusolee806/ydlidar_ros2_ws/install/ydlidar_ros2_driver/share/colcon-core/packages/ydlidar_ros2_driver)
[8.050s] DEBUG:colcon.colcon_core.event_handler.log_command:Invoked command in '/home/vusolee806/ydlidar_ros2_ws/build/slam_gmapping' returned '2': AMENT_PREFIX_PATH=/home/vusolee806/ydlidar_ros2_ws/install/openslam_gmapping:${AMENT_PREFIX_PATH} CMAKE_PREFIX_PATH=/home/vusolee806/ydlidar_ros2_ws/install/openslam_gmapping:/opt/ros/jazzy/opt/gz_sim_vendor:/opt/ros/jazzy/opt/gz_sensors_vendor:/opt/ros/jazzy/opt/gz_physics_vendor:/opt/ros/jazzy/opt/sdformat_vendor:/opt/ros/jazzy/opt/gz_gui_vendor:/opt/ros/jazzy/opt/gz_transport_vendor:/opt/ros/jazzy/opt/gz_rendering_vendor:/opt/ros/jazzy/opt/gz_plugin_vendor:/opt/ros/jazzy/opt/gz_fuel_tools_vendor:/opt/ros/jazzy/opt/gz_msgs_vendor:/opt/ros/jazzy/opt/gz_common_vendor:/opt/ros/jazzy/opt/gz_math_vendor:/opt/ros/jazzy/opt/gz_utils_vendor:/opt/ros/jazzy/opt/gz_tools_vendor:/opt/ros/jazzy/opt/gz_ogre_next_vendor:/opt/ros/jazzy/opt/gz_dartsim_vendor:/opt/ros/jazzy/opt/gz_cmake_vendor:/opt/ros/jazzy DEBUGINFOD_URLS=https://debuginfod.ubuntu.com LD_LIBRARY_PATH=/home/vusolee806/ydlidar_ros2_ws/install/openslam_gmapping/lib:${LD_LIBRARY_PATH} /usr/bin/cmake --build /home/vusolee806/ydlidar_ros2_ws/build/slam_gmapping -- -j16 -l16
[8.051s] Level 1:colcon.colcon_core.environment:create_environment_scripts_only(slam_gmapping)
[8.051s] Level 1:colcon.colcon_core.environment:checking '/home/vusolee806/ydlidar_ros2_ws/install/slam_gmapping' for CMake module files
[8.051s] Level 1:colcon.colcon_core.environment:checking '/home/vusolee806/ydlidar_ros2_ws/install/slam_gmapping' for CMake config files
[8.052s] Level 1:colcon.colcon_core.environment:checking '/home/vusolee806/ydlidar_ros2_ws/install/slam_gmapping/bin'
[8.052s] Level 1:colcon.colcon_core.environment:checking '/home/vusolee806/ydlidar_ros2_ws/install/slam_gmapping/lib/pkgconfig/slam_gmapping.pc'
[8.052s] Level 1:colcon.colcon_core.environment:checking '/home/vusolee806/ydlidar_ros2_ws/install/slam_gmapping/lib/python3.12/site-packages'
[8.052s] Level 1:colcon.colcon_core.environment:checking '/home/vusolee806/ydlidar_ros2_ws/install/slam_gmapping/bin'
[8.052s] INFO:colcon.colcon_core.shell:Creating package script '/home/vusolee806/ydlidar_ros2_ws/install/slam_gmapping/share/slam_gmapping/package.ps1'
[8.052s] INFO:colcon.colcon_core.shell:Creating package descriptor '/home/vusolee806/ydlidar_ros2_ws/install/slam_gmapping/share/slam_gmapping/package.dsv'
[8.053s] INFO:colcon.colcon_core.shell:Creating package script '/home/vusolee806/ydlidar_ros2_ws/install/slam_gmapping/share/slam_gmapping/package.sh'
[8.053s] INFO:colcon.colcon_core.shell:Creating package script '/home/vusolee806/ydlidar_ros2_ws/install/slam_gmapping/share/slam_gmapping/package.bash'
[8.053s] INFO:colcon.colcon_core.shell:Creating package script '/home/vusolee806/ydlidar_ros2_ws/install/slam_gmapping/share/slam_gmapping/package.zsh'
[8.054s] Level 1:colcon.colcon_core.environment:create_file_with_runtime_dependencies(/home/vusolee806/ydlidar_ros2_ws/install/slam_gmapping/share/colcon-core/packages/slam_gmapping)
[8.064s] DEBUG:colcon.colcon_parallel_executor.executor.parallel:closing loop
[8.064s] DEBUG:colcon.colcon_parallel_executor.executor.parallel:loop closed
[8.065s] DEBUG:colcon.colcon_parallel_executor.executor.parallel:run_until_complete finished with '2'
[8.065s] DEBUG:colcon.colcon_core.event_reactor:joining thread
[8.077s] INFO:colcon.colcon_core.plugin_system:Skipping extension 'colcon_notification.desktop_notification.terminal_notifier': Not used on non-Darwin systems
[8.077s] INFO:colcon.colcon_core.plugin_system:Skipping extension 'colcon_notification.desktop_notification.win32': Not used on non-Windows systems
[8.077s] INFO:colcon.colcon_notification.desktop_notification:Sending desktop notification using 'notify2'
[8.095s] DEBUG:colcon.colcon_core.event_reactor:joined thread
[8.095s] INFO:colcon.colcon_core.shell:Creating prefix script '/home/vusolee806/ydlidar_ros2_ws/install/local_setup.ps1'
[8.097s] INFO:colcon.colcon_core.shell:Creating prefix util module '/home/vusolee806/ydlidar_ros2_ws/install/_local_setup_util_ps1.py'
[8.098s] INFO:colcon.colcon_core.shell:Creating prefix chain script '/home/vusolee806/ydlidar_ros2_ws/install/setup.ps1'
[8.099s] INFO:colcon.colcon_core.shell:Creating prefix script '/home/vusolee806/ydlidar_ros2_ws/install/local_setup.sh'
[8.100s] INFO:colcon.colcon_core.shell:Creating prefix util module '/home/vusolee806/ydlidar_ros2_ws/install/_local_setup_util_sh.py'
[8.100s] INFO:colcon.colcon_core.shell:Creating prefix chain script '/home/vusolee806/ydlidar_ros2_ws/install/setup.sh'
[8.101s] INFO:colcon.colcon_core.shell:Creating prefix script '/home/vusolee806/ydlidar_ros2_ws/install/local_setup.bash'
[8.102s] INFO:colcon.colcon_core.shell:Creating prefix chain script '/home/vusolee806/ydlidar_ros2_ws/install/setup.bash'
[8.103s] INFO:colcon.colcon_core.shell:Creating prefix script '/home/vusolee806/ydlidar_ros2_ws/install/local_setup.zsh'
[8.104s] INFO:colcon.colcon_core.shell:Creating prefix chain script '/home/vusolee806/ydlidar_ros2_ws/install/setup.zsh'
