[0.025s] Invoking command in '/home/vusolee806/ydlidar_ros2_ws/build/openslam_gmapping': CMAKE_PREFIX_PATH=${CMAKE_PREFIX_PATH}:/opt/ros/jazzy DEBUGINFOD_URLS=https://debuginfod.ubuntu.com /usr/bin/cmake /home/vusolee806/ydlidar_ros2_ws/src/openslam_gmapping -DCMAKE_INSTALL_PREFIX=/home/vusolee806/ydlidar_ros2_ws/install/openslam_gmapping
[0.062s] -- Found ament_cmake: 2.5.4 (/opt/ros/jazzy/share/ament_cmake/cmake)
[0.508s] -- Override CMake install command with custom implementation using symlinks instead of copying resources
[0.844s] -- Configuring done (0.8s)
[0.893s] -- Generating done (0.0s)
[0.903s] -- Build files have been written to: /home/vusolee806/ydlidar_ros2_ws/build/openslam_gmapping
[0.909s] Invoked command in '/home/vusolee806/ydlidar_ros2_ws/build/openslam_gmapping' returned '0': CMAKE_PREFIX_PATH=${CMAKE_PREFIX_PATH}:/opt/ros/jazzy DEBUGINFOD_URLS=https://debuginfod.ubuntu.com /usr/bin/cmake /home/vusolee806/ydlidar_ros2_ws/src/openslam_gmapping -DCMAKE_INSTALL_PREFIX=/home/vusolee806/ydlidar_ros2_ws/install/openslam_gmapping
[0.911s] Invoking command in '/home/vusolee806/ydlidar_ros2_ws/build/openslam_gmapping': CMAKE_PREFIX_PATH=${CMAKE_PREFIX_PATH}:/opt/ros/jazzy DEBUGINFOD_URLS=https://debuginfod.ubuntu.com /usr/bin/cmake --build /home/vusolee806/ydlidar_ros2_ws/build/openslam_gmapping -- -j16 -l16
[1.019s] [ 13%] Built target sensor_base
[1.021s] [ 27%] Built target utils
[1.076s] [ 40%] Built target sensor_range
[1.080s] [ 54%] Built target sensor_odometry
[1.130s] [ 77%] Built target scanmatcher
[1.188s] [100%] Built target gridfastslam
[1.215s] Invoked command in '/home/vusolee806/ydlidar_ros2_ws/build/openslam_gmapping' returned '0': CMAKE_PREFIX_PATH=${CMAKE_PREFIX_PATH}:/opt/ros/jazzy DEBUGINFOD_URLS=https://debuginfod.ubuntu.com /usr/bin/cmake --build /home/vusolee806/ydlidar_ros2_ws/build/openslam_gmapping -- -j16 -l16
[1.234s] Invoking command in '/home/vusolee806/ydlidar_ros2_ws/build/openslam_gmapping': CMAKE_PREFIX_PATH=${CMAKE_PREFIX_PATH}:/opt/ros/jazzy DEBUGINFOD_URLS=https://debuginfod.ubuntu.com /usr/bin/cmake --install /home/vusolee806/ydlidar_ros2_ws/build/openslam_gmapping
[1.250s] -- Install configuration: ""
[1.251s] -- Execute custom install script
[1.252s] -- Up-to-date symlink: /home/vusolee806/ydlidar_ros2_ws/install/openslam_gmapping/lib/libgridfastslam.a
[1.252s] -- Up-to-date symlink: /home/vusolee806/ydlidar_ros2_ws/install/openslam_gmapping/lib/libscanmatcher.a
[1.252s] -- Up-to-date symlink: /home/vusolee806/ydlidar_ros2_ws/install/openslam_gmapping/lib/libsensor_base.a
[1.253s] -- Up-to-date symlink: /home/vusolee806/ydlidar_ros2_ws/install/openslam_gmapping/share/openslam_gmapping/environment/library_path.sh
[1.253s] -- Symlinking: /home/vusolee806/ydlidar_ros2_ws/install/openslam_gmapping/share/openslam_gmapping/environment/library_path.dsv
[1.274s] -- Up-to-date symlink: /home/vusolee806/ydlidar_ros2_ws/install/openslam_gmapping/share/openslam_gmapping/environment/library_path.sh
[1.274s] -- Symlinking: /home/vusolee806/ydlidar_ros2_ws/install/openslam_gmapping/share/openslam_gmapping/environment/library_path.dsv
[1.294s] -- Up-to-date symlink: /home/vusolee806/ydlidar_ros2_ws/install/openslam_gmapping/lib/libsensor_odometry.a
[1.294s] -- Up-to-date symlink: /home/vusolee806/ydlidar_ros2_ws/install/openslam_gmapping/lib/libsensor_range.a
[1.294s] -- Up-to-date symlink: /home/vusolee806/ydlidar_ros2_ws/install/openslam_gmapping/lib/libutils.a
[1.294s] -- Up-to-date symlink: /home/vusolee806/ydlidar_ros2_ws/install/openslam_gmapping/share/openslam_gmapping/environment/library_path.sh
[1.295s] -- Symlinking: /home/vusolee806/ydlidar_ros2_ws/install/openslam_gmapping/share/openslam_gmapping/environment/library_path.dsv
[1.314s] -- Up-to-date symlink: /home/vusolee806/ydlidar_ros2_ws/install/openslam_gmapping/share/openslam_gmapping/environment/library_path.sh
[1.314s] -- Symlinking: /home/vusolee806/ydlidar_ros2_ws/install/openslam_gmapping/share/openslam_gmapping/environment/library_path.dsv
[1.337s] -- Up-to-date symlink: /home/vusolee806/ydlidar_ros2_ws/install/openslam_gmapping/include//gmapping/grid/accessstate.h
[1.337s] -- Up-to-date symlink: /home/vusolee806/ydlidar_ros2_ws/install/openslam_gmapping/include//gmapping/grid/array2d.h
[1.338s] -- Up-to-date symlink: /home/vusolee806/ydlidar_ros2_ws/install/openslam_gmapping/include//gmapping/grid/harray2d.h
[1.338s] -- Up-to-date symlink: /home/vusolee806/ydlidar_ros2_ws/install/openslam_gmapping/include//gmapping/grid/map.h
[1.338s] -- Up-to-date symlink: /home/vusolee806/ydlidar_ros2_ws/install/openslam_gmapping/include//gmapping/gridfastslam/gridslamprocessor.h
[1.338s] -- Up-to-date symlink: /home/vusolee806/ydlidar_ros2_ws/install/openslam_gmapping/include//gmapping/gridfastslam/gridslamprocessor.hxx
[1.338s] -- Up-to-date symlink: /home/vusolee806/ydlidar_ros2_ws/install/openslam_gmapping/include//gmapping/gridfastslam/motionmodel.h
[1.338s] -- Up-to-date symlink: /home/vusolee806/ydlidar_ros2_ws/install/openslam_gmapping/include//gmapping/log/configuration.h
[1.339s] -- Up-to-date symlink: /home/vusolee806/ydlidar_ros2_ws/install/openslam_gmapping/include//gmapping/log/sensorlog.h
[1.339s] -- Up-to-date symlink: /home/vusolee806/ydlidar_ros2_ws/install/openslam_gmapping/include//gmapping/particlefilter/particlefilter.h
[1.339s] -- Up-to-date symlink: /home/vusolee806/ydlidar_ros2_ws/install/openslam_gmapping/include//gmapping/scanmatcher/icp.h
[1.339s] -- Up-to-date symlink: /home/vusolee806/ydlidar_ros2_ws/install/openslam_gmapping/include//gmapping/scanmatcher/scanmatcher.h
[1.339s] -- Up-to-date symlink: /home/vusolee806/ydlidar_ros2_ws/install/openslam_gmapping/include//gmapping/scanmatcher/smmap.h
[1.339s] -- Up-to-date symlink: /home/vusolee806/ydlidar_ros2_ws/install/openslam_gmapping/include//gmapping/sensor/sensor_base/sensor.h
[1.340s] -- Up-to-date symlink: /home/vusolee806/ydlidar_ros2_ws/install/openslam_gmapping/include//gmapping/sensor/sensor_base/sensorreading.h
[1.340s] -- Up-to-date symlink: /home/vusolee806/ydlidar_ros2_ws/install/openslam_gmapping/include//gmapping/sensor/sensor_odometry/odometryreading.h
[1.340s] -- Up-to-date symlink: /home/vusolee806/ydlidar_ros2_ws/install/openslam_gmapping/include//gmapping/sensor/sensor_odometry/odometrysensor.h
[1.341s] -- Up-to-date symlink: /home/vusolee806/ydlidar_ros2_ws/install/openslam_gmapping/include//gmapping/sensor/sensor_range/rangereading.h
[1.341s] -- Up-to-date symlink: /home/vusolee806/ydlidar_ros2_ws/install/openslam_gmapping/include//gmapping/sensor/sensor_range/rangesensor.h
[1.341s] -- Up-to-date symlink: /home/vusolee806/ydlidar_ros2_ws/install/openslam_gmapping/include//gmapping/utils/autoptr.h
[1.341s] -- Up-to-date symlink: /home/vusolee806/ydlidar_ros2_ws/install/openslam_gmapping/include//gmapping/utils/commandline.h
[1.342s] -- Up-to-date symlink: /home/vusolee806/ydlidar_ros2_ws/install/openslam_gmapping/include//gmapping/utils/gvalues.h
[1.342s] -- Up-to-date symlink: /home/vusolee806/ydlidar_ros2_ws/install/openslam_gmapping/include//gmapping/utils/macro_params.h
[1.342s] -- Up-to-date symlink: /home/vusolee806/ydlidar_ros2_ws/install/openslam_gmapping/include//gmapping/utils/point.h
[1.342s] -- Up-to-date symlink: /home/vusolee806/ydlidar_ros2_ws/install/openslam_gmapping/include//gmapping/utils/stat.h
[1.343s] -- Up-to-date symlink: /home/vusolee806/ydlidar_ros2_ws/install/openslam_gmapping/share/ament_index/resource_index/package_run_dependencies/openslam_gmapping
[1.343s] -- Up-to-date symlink: /home/vusolee806/ydlidar_ros2_ws/install/openslam_gmapping/share/ament_index/resource_index/parent_prefix_path/openslam_gmapping
[1.343s] -- Up-to-date symlink: /home/vusolee806/ydlidar_ros2_ws/install/openslam_gmapping/share/openslam_gmapping/environment/ament_prefix_path.sh
[1.343s] -- Up-to-date symlink: /home/vusolee806/ydlidar_ros2_ws/install/openslam_gmapping/share/openslam_gmapping/environment/ament_prefix_path.dsv
[1.344s] -- Up-to-date symlink: /home/vusolee806/ydlidar_ros2_ws/install/openslam_gmapping/share/openslam_gmapping/environment/path.sh
[1.344s] -- Up-to-date symlink: /home/vusolee806/ydlidar_ros2_ws/install/openslam_gmapping/share/openslam_gmapping/environment/path.dsv
[1.344s] -- Up-to-date symlink: /home/vusolee806/ydlidar_ros2_ws/install/openslam_gmapping/share/openslam_gmapping/local_setup.bash
[1.344s] -- Up-to-date symlink: /home/vusolee806/ydlidar_ros2_ws/install/openslam_gmapping/share/openslam_gmapping/local_setup.sh
[1.344s] -- Up-to-date symlink: /home/vusolee806/ydlidar_ros2_ws/install/openslam_gmapping/share/openslam_gmapping/local_setup.zsh
[1.345s] -- Up-to-date symlink: /home/vusolee806/ydlidar_ros2_ws/install/openslam_gmapping/share/openslam_gmapping/local_setup.dsv
[1.345s] -- Symlinking: /home/vusolee806/ydlidar_ros2_ws/install/openslam_gmapping/share/openslam_gmapping/package.dsv
[1.363s] -- Up-to-date symlink: /home/vusolee806/ydlidar_ros2_ws/install/openslam_gmapping/share/ament_index/resource_index/packages/openslam_gmapping
[1.363s] -- Up-to-date symlink: /home/vusolee806/ydlidar_ros2_ws/install/openslam_gmapping/share/openslam_gmapping/cmake/ament_cmake_export_libraries-extras.cmake
[1.363s] -- Up-to-date symlink: /home/vusolee806/ydlidar_ros2_ws/install/openslam_gmapping/share/openslam_gmapping/cmake/ament_cmake_export_include_directories-extras.cmake
[1.364s] -- Up-to-date symlink: /home/vusolee806/ydlidar_ros2_ws/install/openslam_gmapping/share/openslam_gmapping/cmake/openslam_gmappingConfig.cmake
[1.364s] -- Up-to-date symlink: /home/vusolee806/ydlidar_ros2_ws/install/openslam_gmapping/share/openslam_gmapping/cmake/openslam_gmappingConfig-version.cmake
[1.364s] -- Up-to-date symlink: /home/vusolee806/ydlidar_ros2_ws/install/openslam_gmapping/share/openslam_gmapping/package.xml
[1.370s] Invoked command in '/home/vusolee806/ydlidar_ros2_ws/build/openslam_gmapping' returned '0': CMAKE_PREFIX_PATH=${CMAKE_PREFIX_PATH}:/opt/ros/jazzy DEBUGINFOD_URLS=https://debuginfod.ubuntu.com /usr/bin/cmake --install /home/vusolee806/ydlidar_ros2_ws/build/openslam_gmapping
