[0.015s] Invoking command in '/home/vusolee806/ydlidar_ros2_ws/build/openslam_gmapping': CMAKE_PREFIX_PATH=${CMAKE_PREFIX_PATH}:/opt/ros/jazzy DEBUGINFOD_URLS=https://debuginfod.ubuntu.com /usr/bin/cmake --build /home/vusolee806/ydlidar_ros2_ws/build/openslam_gmapping -- -j16 -l16
[0.094s] [ 27%] Built target utils
[0.094s] [ 27%] Built target sensor_base
[0.129s] [ 54%] Built target sensor_odometry
[0.129s] [ 54%] Built target sensor_range
[0.165s] [ 77%] Built target scanmatcher
[0.204s] [100%] Built target gridfastslam
[0.221s] Invoked command in '/home/vusolee806/ydlidar_ros2_ws/build/openslam_gmapping' returned '0': CMAKE_PREFIX_PATH=${CMAKE_PREFIX_PATH}:/opt/ros/jazzy DEBUGINFOD_URLS=https://debuginfod.ubuntu.com /usr/bin/cmake --build /home/vusolee806/ydlidar_ros2_ws/build/openslam_gmapping -- -j16 -l16
[0.235s] Invoking command in '/home/vusolee806/ydlidar_ros2_ws/build/openslam_gmapping': CMAKE_PREFIX_PATH=${CMAKE_PREFIX_PATH}:/opt/ros/jazzy DEBUGINFOD_URLS=https://debuginfod.ubuntu.com /usr/bin/cmake --install /home/vusolee806/ydlidar_ros2_ws/build/openslam_gmapping
[0.250s] -- Install configuration: ""
[0.250s] -- Up-to-date: /home/vusolee806/ydlidar_ros2_ws/install/openslam_gmapping/share/openslam_gmapping/environment/library_path.sh
[0.250s] -- Up-to-date: /home/vusolee806/ydlidar_ros2_ws/install/openslam_gmapping/share/openslam_gmapping/environment/library_path.dsv
[0.250s] -- Up-to-date: /home/vusolee806/ydlidar_ros2_ws/install/openslam_gmapping/include/
[0.251s] -- Up-to-date: /home/vusolee806/ydlidar_ros2_ws/install/openslam_gmapping/include//gmapping
[0.251s] -- Up-to-date: /home/vusolee806/ydlidar_ros2_ws/install/openslam_gmapping/include//gmapping/grid
[0.251s] -- Up-to-date: /home/vusolee806/ydlidar_ros2_ws/install/openslam_gmapping/include//gmapping/grid/harray2d.h
[0.251s] -- Up-to-date: /home/vusolee806/ydlidar_ros2_ws/install/openslam_gmapping/include//gmapping/grid/accessstate.h
[0.251s] -- Up-to-date: /home/vusolee806/ydlidar_ros2_ws/install/openslam_gmapping/include//gmapping/grid/map.h
[0.251s] -- Up-to-date: /home/vusolee806/ydlidar_ros2_ws/install/openslam_gmapping/include//gmapping/grid/array2d.h
[0.252s] -- Up-to-date: /home/vusolee806/ydlidar_ros2_ws/install/openslam_gmapping/include//gmapping/log
[0.252s] -- Up-to-date: /home/vusolee806/ydlidar_ros2_ws/install/openslam_gmapping/include//gmapping/log/sensorlog.h
[0.252s] -- Up-to-date: /home/vusolee806/ydlidar_ros2_ws/install/openslam_gmapping/include//gmapping/log/configuration.h
[0.252s] -- Up-to-date: /home/vusolee806/ydlidar_ros2_ws/install/openslam_gmapping/include//gmapping/particlefilter
[0.252s] -- Up-to-date: /home/vusolee806/ydlidar_ros2_ws/install/openslam_gmapping/include//gmapping/particlefilter/particlefilter.h
[0.252s] -- Up-to-date: /home/vusolee806/ydlidar_ros2_ws/install/openslam_gmapping/include//gmapping/sensor
[0.252s] -- Up-to-date: /home/vusolee806/ydlidar_ros2_ws/install/openslam_gmapping/include//gmapping/sensor/sensor_base
[0.252s] -- Up-to-date: /home/vusolee806/ydlidar_ros2_ws/install/openslam_gmapping/include//gmapping/sensor/sensor_base/sensor.h
[0.252s] -- Up-to-date: /home/vusolee806/ydlidar_ros2_ws/install/openslam_gmapping/include//gmapping/sensor/sensor_base/sensorreading.h
[0.252s] -- Up-to-date: /home/vusolee806/ydlidar_ros2_ws/install/openslam_gmapping/include//gmapping/sensor/sensor_range
[0.253s] -- Up-to-date: /home/vusolee806/ydlidar_ros2_ws/install/openslam_gmapping/include//gmapping/sensor/sensor_range/rangereading.h
[0.253s] -- Up-to-date: /home/vusolee806/ydlidar_ros2_ws/install/openslam_gmapping/include//gmapping/sensor/sensor_range/rangesensor.h
[0.253s] -- Up-to-date: /home/vusolee806/ydlidar_ros2_ws/install/openslam_gmapping/include//gmapping/sensor/sensor_odometry
[0.253s] -- Up-to-date: /home/vusolee806/ydlidar_ros2_ws/install/openslam_gmapping/include//gmapping/sensor/sensor_odometry/odometrysensor.h
[0.253s] -- Up-to-date: /home/vusolee806/ydlidar_ros2_ws/install/openslam_gmapping/include//gmapping/sensor/sensor_odometry/odometryreading.h
[0.253s] -- Up-to-date: /home/vusolee806/ydlidar_ros2_ws/install/openslam_gmapping/include//gmapping/gridfastslam
[0.253s] -- Up-to-date: /home/vusolee806/ydlidar_ros2_ws/install/openslam_gmapping/include//gmapping/gridfastslam/gridslamprocessor.hxx
[0.253s] -- Up-to-date: /home/vusolee806/ydlidar_ros2_ws/install/openslam_gmapping/include//gmapping/gridfastslam/motionmodel.h
[0.253s] -- Up-to-date: /home/vusolee806/ydlidar_ros2_ws/install/openslam_gmapping/include//gmapping/gridfastslam/gridslamprocessor.h
[0.254s] -- Up-to-date: /home/vusolee806/ydlidar_ros2_ws/install/openslam_gmapping/include//gmapping/scanmatcher
[0.254s] -- Up-to-date: /home/vusolee806/ydlidar_ros2_ws/install/openslam_gmapping/include//gmapping/scanmatcher/smmap.h
[0.254s] -- Up-to-date: /home/vusolee806/ydlidar_ros2_ws/install/openslam_gmapping/include//gmapping/scanmatcher/scanmatcher.h
[0.254s] -- Up-to-date: /home/vusolee806/ydlidar_ros2_ws/install/openslam_gmapping/include//gmapping/scanmatcher/icp.h
[0.254s] -- Up-to-date: /home/vusolee806/ydlidar_ros2_ws/install/openslam_gmapping/include//gmapping/utils
[0.254s] -- Up-to-date: /home/vusolee806/ydlidar_ros2_ws/install/openslam_gmapping/include//gmapping/utils/stat.h
[0.254s] -- Up-to-date: /home/vusolee806/ydlidar_ros2_ws/install/openslam_gmapping/include//gmapping/utils/macro_params.h
[0.254s] -- Up-to-date: /home/vusolee806/ydlidar_ros2_ws/install/openslam_gmapping/include//gmapping/utils/point.h
[0.254s] -- Up-to-date: /home/vusolee806/ydlidar_ros2_ws/install/openslam_gmapping/include//gmapping/utils/commandline.h
[0.255s] -- Up-to-date: /home/vusolee806/ydlidar_ros2_ws/install/openslam_gmapping/include//gmapping/utils/gvalues.h
[0.255s] -- Up-to-date: /home/vusolee806/ydlidar_ros2_ws/install/openslam_gmapping/include//gmapping/utils/autoptr.h
[0.255s] -- Up-to-date: /home/vusolee806/ydlidar_ros2_ws/install/openslam_gmapping/share/ament_index/resource_index/package_run_dependencies/openslam_gmapping
[0.255s] -- Up-to-date: /home/vusolee806/ydlidar_ros2_ws/install/openslam_gmapping/share/ament_index/resource_index/parent_prefix_path/openslam_gmapping
[0.255s] -- Up-to-date: /home/vusolee806/ydlidar_ros2_ws/install/openslam_gmapping/share/openslam_gmapping/environment/ament_prefix_path.sh
[0.255s] -- Up-to-date: /home/vusolee806/ydlidar_ros2_ws/install/openslam_gmapping/share/openslam_gmapping/environment/ament_prefix_path.dsv
[0.255s] -- Up-to-date: /home/vusolee806/ydlidar_ros2_ws/install/openslam_gmapping/share/openslam_gmapping/environment/path.sh
[0.255s] -- Up-to-date: /home/vusolee806/ydlidar_ros2_ws/install/openslam_gmapping/share/openslam_gmapping/environment/path.dsv
[0.255s] -- Up-to-date: /home/vusolee806/ydlidar_ros2_ws/install/openslam_gmapping/share/openslam_gmapping/local_setup.bash
[0.255s] -- Up-to-date: /home/vusolee806/ydlidar_ros2_ws/install/openslam_gmapping/share/openslam_gmapping/local_setup.sh
[0.255s] -- Up-to-date: /home/vusolee806/ydlidar_ros2_ws/install/openslam_gmapping/share/openslam_gmapping/local_setup.zsh
[0.255s] -- Up-to-date: /home/vusolee806/ydlidar_ros2_ws/install/openslam_gmapping/share/openslam_gmapping/local_setup.dsv
[0.255s] -- Installing: /home/vusolee806/ydlidar_ros2_ws/install/openslam_gmapping/share/openslam_gmapping/package.dsv
[0.256s] -- Up-to-date: /home/vusolee806/ydlidar_ros2_ws/install/openslam_gmapping/share/ament_index/resource_index/packages/openslam_gmapping
[0.256s] -- Up-to-date: /home/vusolee806/ydlidar_ros2_ws/install/openslam_gmapping/share/openslam_gmapping/cmake/ament_cmake_export_libraries-extras.cmake
[0.256s] -- Up-to-date: /home/vusolee806/ydlidar_ros2_ws/install/openslam_gmapping/share/openslam_gmapping/cmake/ament_cmake_export_include_directories-extras.cmake
[0.256s] -- Up-to-date: /home/vusolee806/ydlidar_ros2_ws/install/openslam_gmapping/share/openslam_gmapping/cmake/openslam_gmappingConfig.cmake
[0.256s] -- Up-to-date: /home/vusolee806/ydlidar_ros2_ws/install/openslam_gmapping/share/openslam_gmapping/cmake/openslam_gmappingConfig-version.cmake
[0.256s] -- Up-to-date: /home/vusolee806/ydlidar_ros2_ws/install/openslam_gmapping/share/openslam_gmapping/package.xml
[0.256s] -- Up-to-date: /home/vusolee806/ydlidar_ros2_ws/install/openslam_gmapping/lib/libgridfastslam.a
[0.256s] -- Up-to-date: /home/vusolee806/ydlidar_ros2_ws/install/openslam_gmapping/lib/libscanmatcher.a
[0.256s] -- Up-to-date: /home/vusolee806/ydlidar_ros2_ws/install/openslam_gmapping/share/openslam_gmapping/environment/library_path.sh
[0.256s] -- Up-to-date: /home/vusolee806/ydlidar_ros2_ws/install/openslam_gmapping/share/openslam_gmapping/environment/library_path.dsv
[0.256s] -- Up-to-date: /home/vusolee806/ydlidar_ros2_ws/install/openslam_gmapping/lib/libsensor_base.a
[0.257s] -- Up-to-date: /home/vusolee806/ydlidar_ros2_ws/install/openslam_gmapping/share/openslam_gmapping/environment/library_path.sh
[0.257s] -- Up-to-date: /home/vusolee806/ydlidar_ros2_ws/install/openslam_gmapping/share/openslam_gmapping/environment/library_path.dsv
[0.257s] -- Up-to-date: /home/vusolee806/ydlidar_ros2_ws/install/openslam_gmapping/lib/libsensor_odometry.a
[0.257s] -- Up-to-date: /home/vusolee806/ydlidar_ros2_ws/install/openslam_gmapping/lib/libsensor_range.a
[0.257s] -- Up-to-date: /home/vusolee806/ydlidar_ros2_ws/install/openslam_gmapping/lib/libutils.a
[0.257s] -- Up-to-date: /home/vusolee806/ydlidar_ros2_ws/install/openslam_gmapping/share/openslam_gmapping/environment/library_path.sh
[0.257s] -- Up-to-date: /home/vusolee806/ydlidar_ros2_ws/install/openslam_gmapping/share/openslam_gmapping/environment/library_path.dsv
[0.258s] Invoked command in '/home/vusolee806/ydlidar_ros2_ws/build/openslam_gmapping' returned '0': CMAKE_PREFIX_PATH=${CMAKE_PREFIX_PATH}:/opt/ros/jazzy DEBUGINFOD_URLS=https://debuginfod.ubuntu.com /usr/bin/cmake --install /home/vusolee806/ydlidar_ros2_ws/build/openslam_gmapping
