[0.013s] Invoking command in '/home/vusolee806/ydlidar_ros2_ws/build/openslam_gmapping': CMAKE_PREFIX_PATH=${CMAKE_PREFIX_PATH}:/opt/ros/jazzy DEBUGINFOD_URLS=https://debuginfod.ubuntu.com /usr/bin/cmake /home/vusolee806/ydlidar_ros2_ws/src/openslam_gmapping -DCMAKE_INSTALL_PREFIX=/home/vusolee806/ydlidar_ros2_ws/install/openslam_gmapping
[0.087s] -- The C compiler identification is GNU 13.3.0
[0.153s] -- The CXX compiler identification is GNU 13.3.0
[0.177s] -- Detecting C compiler ABI info
[0.294s] -- Detecting C compiler ABI info - done
[0.303s] -- Check for working C compiler: /usr/bin/cc - skipped
[0.303s] -- Detecting C compile features
[0.304s] -- Detecting C compile features - done
[0.317s] -- Detecting CXX compiler ABI info
[0.453s] -- Detecting CXX compiler ABI info - done
[0.462s] -- Check for working CXX compiler: /usr/bin/c++ - skipped
[0.462s] -- Detecting CXX compile features
[0.463s] -- Detecting CXX compile features - done
[0.468s] -- Found ament_cmake: 2.5.4 (/opt/ros/jazzy/share/ament_cmake/cmake)
[0.656s] -- Found Python3: /usr/bin/python3 (found version "3.12.3") found components: Interpreter 
[0.883s] -- Configuring done (0.9s)
[0.895s] -- Generating done (0.0s)
[0.898s] -- Build files have been written to: /home/vusolee806/ydlidar_ros2_ws/build/openslam_gmapping
[0.904s] Invoked command in '/home/vusolee806/ydlidar_ros2_ws/build/openslam_gmapping' returned '0': CMAKE_PREFIX_PATH=${CMAKE_PREFIX_PATH}:/opt/ros/jazzy DEBUGINFOD_URLS=https://debuginfod.ubuntu.com /usr/bin/cmake /home/vusolee806/ydlidar_ros2_ws/src/openslam_gmapping -DCMAKE_INSTALL_PREFIX=/home/vusolee806/ydlidar_ros2_ws/install/openslam_gmapping
[0.906s] Invoking command in '/home/vusolee806/ydlidar_ros2_ws/build/openslam_gmapping': CMAKE_PREFIX_PATH=${CMAKE_PREFIX_PATH}:/opt/ros/jazzy DEBUGINFOD_URLS=https://debuginfod.ubuntu.com /usr/bin/cmake --build /home/vusolee806/ydlidar_ros2_ws/build/openslam_gmapping -- -j16 -l16
[0.977s] [ 13%] [32mBuilding CXX object utils/CMakeFiles/utils.dir/stat.cpp.o[0m
[0.977s] [ 13%] [32mBuilding CXX object sensor/sensor_base/CMakeFiles/sensor_base.dir/sensorreading.cpp.o[0m
[0.977s] [ 13%] [32mBuilding CXX object utils/CMakeFiles/utils.dir/movement.cpp.o[0m
[0.977s] [ 18%] [32mBuilding CXX object sensor/sensor_base/CMakeFiles/sensor_base.dir/sensor.cpp.o[0m
[1.117s] [ 22%] [32m[1mLinking CXX static library libsensor_base.a[0m
[1.154s] [ 22%] Built target sensor_base
[1.176s] [ 36%] [32mBuilding CXX object sensor/sensor_range/CMakeFiles/sensor_range.dir/rangesensor.cpp.o[0m
[1.177s] [ 36%] [32mBuilding CXX object sensor/sensor_range/CMakeFiles/sensor_range.dir/rangereading.cpp.o[0m
[1.177s] [ 36%] [32mBuilding CXX object sensor/sensor_odometry/CMakeFiles/sensor_odometry.dir/odometrysensor.cpp.o[0m
[1.177s] [ 40%] [32mBuilding CXX object sensor/sensor_odometry/CMakeFiles/sensor_odometry.dir/odometryreading.cpp.o[0m
[1.186s] [ 45%] [32m[1mLinking CXX static library libutils.a[0m
[1.222s] [ 45%] Built target utils
[1.376s] [ 50%] [32m[1mLinking CXX static library libsensor_odometry.a[0m
[1.418s] [ 50%] Built target sensor_odometry
[1.463s] [ 54%] [32m[1mLinking CXX static library libsensor_range.a[0m
[1.500s] [ 54%] Built target sensor_range
[1.522s] [ 72%] [32mBuilding CXX object scanmatcher/CMakeFiles/scanmatcher.dir/scanmatcherprocessor.cpp.o[0m
[1.523s] [ 72%] [32mBuilding CXX object scanmatcher/CMakeFiles/scanmatcher.dir/smmap.cpp.o[0m
[1.523s] [ 72%] [32mBuilding CXX object scanmatcher/CMakeFiles/scanmatcher.dir/scanmatcher.cpp.o[0m
[1.523s] [ 72%] [32mBuilding CXX object scanmatcher/CMakeFiles/scanmatcher.dir/eig3.cpp.o[0m
[2.342s] [ 77%] [32m[1mLinking CXX static library libscanmatcher.a[0m
[2.380s] [ 77%] Built target scanmatcher
[2.402s] [ 90%] [32mBuilding CXX object gridfastslam/CMakeFiles/gridfastslam.dir/gridslamprocessor.cpp.o[0m
[2.403s] [ 90%] [32mBuilding CXX object gridfastslam/CMakeFiles/gridfastslam.dir/gfsreader.cpp.o[0m
[2.403s] [ 90%] [32mBuilding CXX object gridfastslam/CMakeFiles/gridfastslam.dir/gridslamprocessor_tree.cpp.o[0m
[2.403s] [ 95%] [32mBuilding CXX object gridfastslam/CMakeFiles/gridfastslam.dir/motionmodel.cpp.o[0m
[3.367s] [100%] [32m[1mLinking CXX static library libgridfastslam.a[0m
[3.407s] [100%] Built target gridfastslam
[3.423s] Invoked command in '/home/vusolee806/ydlidar_ros2_ws/build/openslam_gmapping' returned '0': CMAKE_PREFIX_PATH=${CMAKE_PREFIX_PATH}:/opt/ros/jazzy DEBUGINFOD_URLS=https://debuginfod.ubuntu.com /usr/bin/cmake --build /home/vusolee806/ydlidar_ros2_ws/build/openslam_gmapping -- -j16 -l16
[3.433s] Invoking command in '/home/vusolee806/ydlidar_ros2_ws/build/openslam_gmapping': CMAKE_PREFIX_PATH=${CMAKE_PREFIX_PATH}:/opt/ros/jazzy DEBUGINFOD_URLS=https://debuginfod.ubuntu.com /usr/bin/cmake --install /home/vusolee806/ydlidar_ros2_ws/build/openslam_gmapping
[3.439s] -- Install configuration: ""
[3.440s] -- Installing: /home/vusolee806/ydlidar_ros2_ws/install/openslam_gmapping/share/openslam_gmapping/environment/library_path.sh
[3.440s] -- Installing: /home/vusolee806/ydlidar_ros2_ws/install/openslam_gmapping/share/openslam_gmapping/environment/library_path.dsv
[3.440s] -- Installing: /home/vusolee806/ydlidar_ros2_ws/install/openslam_gmapping/include/
[3.440s] -- Installing: /home/vusolee806/ydlidar_ros2_ws/install/openslam_gmapping/include//gmapping
[3.440s] -- Installing: /home/vusolee806/ydlidar_ros2_ws/install/openslam_gmapping/include//gmapping/grid
[3.440s] -- Installing: /home/vusolee806/ydlidar_ros2_ws/install/openslam_gmapping/include//gmapping/grid/harray2d.h
[3.440s] -- Installing: /home/vusolee806/ydlidar_ros2_ws/install/openslam_gmapping/include//gmapping/grid/accessstate.h
[3.440s] -- Installing: /home/vusolee806/ydlidar_ros2_ws/install/openslam_gmapping/include//gmapping/grid/map.h
[3.440s] -- Installing: /home/vusolee806/ydlidar_ros2_ws/install/openslam_gmapping/include//gmapping/grid/array2d.h
[3.441s] -- Installing: /home/vusolee806/ydlidar_ros2_ws/install/openslam_gmapping/include//gmapping/log
[3.441s] -- Installing: /home/vusolee806/ydlidar_ros2_ws/install/openslam_gmapping/include//gmapping/log/sensorlog.h
[3.441s] -- Installing: /home/vusolee806/ydlidar_ros2_ws/install/openslam_gmapping/include//gmapping/log/configuration.h
[3.441s] -- Installing: /home/vusolee806/ydlidar_ros2_ws/install/openslam_gmapping/include//gmapping/particlefilter
[3.441s] -- Installing: /home/vusolee806/ydlidar_ros2_ws/install/openslam_gmapping/include//gmapping/particlefilter/particlefilter.h
[3.441s] -- Installing: /home/vusolee806/ydlidar_ros2_ws/install/openslam_gmapping/include//gmapping/sensor
[3.441s] -- Installing: /home/vusolee806/ydlidar_ros2_ws/install/openslam_gmapping/include//gmapping/sensor/sensor_base
[3.441s] -- Installing: /home/vusolee806/ydlidar_ros2_ws/install/openslam_gmapping/include//gmapping/sensor/sensor_base/sensor.h
[3.441s] -- Installing: /home/vusolee806/ydlidar_ros2_ws/install/openslam_gmapping/include//gmapping/sensor/sensor_base/sensorreading.h
[3.441s] -- Installing: /home/vusolee806/ydlidar_ros2_ws/install/openslam_gmapping/include//gmapping/sensor/sensor_range
[3.442s] -- Installing: /home/vusolee806/ydlidar_ros2_ws/install/openslam_gmapping/include//gmapping/sensor/sensor_range/rangereading.h
[3.442s] -- Installing: /home/vusolee806/ydlidar_ros2_ws/install/openslam_gmapping/include//gmapping/sensor/sensor_range/rangesensor.h
[3.442s] -- Installing: /home/vusolee806/ydlidar_ros2_ws/install/openslam_gmapping/include//gmapping/sensor/sensor_odometry
[3.442s] -- Installing: /home/vusolee806/ydlidar_ros2_ws/install/openslam_gmapping/include//gmapping/sensor/sensor_odometry/odometrysensor.h
[3.442s] -- Installing: /home/vusolee806/ydlidar_ros2_ws/install/openslam_gmapping/include//gmapping/sensor/sensor_odometry/odometryreading.h
[3.442s] -- Installing: /home/vusolee806/ydlidar_ros2_ws/install/openslam_gmapping/include//gmapping/gridfastslam
[3.442s] -- Installing: /home/vusolee806/ydlidar_ros2_ws/install/openslam_gmapping/include//gmapping/gridfastslam/gridslamprocessor.hxx
[3.442s] -- Installing: /home/vusolee806/ydlidar_ros2_ws/install/openslam_gmapping/include//gmapping/gridfastslam/motionmodel.h
[3.442s] -- Installing: /home/vusolee806/ydlidar_ros2_ws/install/openslam_gmapping/include//gmapping/gridfastslam/gridslamprocessor.h
[3.442s] -- Installing: /home/vusolee806/ydlidar_ros2_ws/install/openslam_gmapping/include//gmapping/scanmatcher
[3.442s] -- Installing: /home/vusolee806/ydlidar_ros2_ws/install/openslam_gmapping/include//gmapping/scanmatcher/smmap.h
[3.442s] -- Installing: /home/vusolee806/ydlidar_ros2_ws/install/openslam_gmapping/include//gmapping/scanmatcher/scanmatcher.h
[3.442s] -- Installing: /home/vusolee806/ydlidar_ros2_ws/install/openslam_gmapping/include//gmapping/scanmatcher/icp.h
[3.442s] -- Installing: /home/vusolee806/ydlidar_ros2_ws/install/openslam_gmapping/include//gmapping/utils
[3.442s] -- Installing: /home/vusolee806/ydlidar_ros2_ws/install/openslam_gmapping/include//gmapping/utils/stat.h
[3.442s] -- Installing: /home/vusolee806/ydlidar_ros2_ws/install/openslam_gmapping/include//gmapping/utils/macro_params.h
[3.443s] -- Installing: /home/vusolee806/ydlidar_ros2_ws/install/openslam_gmapping/include//gmapping/utils/point.h
[3.443s] -- Installing: /home/vusolee806/ydlidar_ros2_ws/install/openslam_gmapping/include//gmapping/utils/commandline.h
[3.443s] -- Installing: /home/vusolee806/ydlidar_ros2_ws/install/openslam_gmapping/include//gmapping/utils/gvalues.h
[3.443s] -- Installing: /home/vusolee806/ydlidar_ros2_ws/install/openslam_gmapping/include//gmapping/utils/autoptr.h
[3.443s] -- Installing: /home/vusolee806/ydlidar_ros2_ws/install/openslam_gmapping/share/ament_index/resource_index/package_run_dependencies/openslam_gmapping
[3.443s] -- Installing: /home/vusolee806/ydlidar_ros2_ws/install/openslam_gmapping/share/ament_index/resource_index/parent_prefix_path/openslam_gmapping
[3.443s] -- Installing: /home/vusolee806/ydlidar_ros2_ws/install/openslam_gmapping/share/openslam_gmapping/environment/ament_prefix_path.sh
[3.443s] -- Installing: /home/vusolee806/ydlidar_ros2_ws/install/openslam_gmapping/share/openslam_gmapping/environment/ament_prefix_path.dsv
[3.443s] -- Installing: /home/vusolee806/ydlidar_ros2_ws/install/openslam_gmapping/share/openslam_gmapping/environment/path.sh
[3.443s] -- Installing: /home/vusolee806/ydlidar_ros2_ws/install/openslam_gmapping/share/openslam_gmapping/environment/path.dsv
[3.443s] -- Installing: /home/vusolee806/ydlidar_ros2_ws/install/openslam_gmapping/share/openslam_gmapping/local_setup.bash
[3.443s] -- Installing: /home/vusolee806/ydlidar_ros2_ws/install/openslam_gmapping/share/openslam_gmapping/local_setup.sh
[3.443s] -- Installing: /home/vusolee806/ydlidar_ros2_ws/install/openslam_gmapping/share/openslam_gmapping/local_setup.zsh
[3.443s] -- Installing: /home/vusolee806/ydlidar_ros2_ws/install/openslam_gmapping/share/openslam_gmapping/local_setup.dsv
[3.443s] -- Installing: /home/vusolee806/ydlidar_ros2_ws/install/openslam_gmapping/share/openslam_gmapping/package.dsv
[3.443s] -- Installing: /home/vusolee806/ydlidar_ros2_ws/install/openslam_gmapping/share/ament_index/resource_index/packages/openslam_gmapping
[3.443s] -- Installing: /home/vusolee806/ydlidar_ros2_ws/install/openslam_gmapping/share/openslam_gmapping/cmake/ament_cmake_export_libraries-extras.cmake
[3.444s] -- Installing: /home/vusolee806/ydlidar_ros2_ws/install/openslam_gmapping/share/openslam_gmapping/cmake/ament_cmake_export_include_directories-extras.cmake
[3.444s] -- Installing: /home/vusolee806/ydlidar_ros2_ws/install/openslam_gmapping/share/openslam_gmapping/cmake/openslam_gmappingConfig.cmake
[3.444s] -- Installing: /home/vusolee806/ydlidar_ros2_ws/install/openslam_gmapping/share/openslam_gmapping/cmake/openslam_gmappingConfig-version.cmake
[3.444s] -- Installing: /home/vusolee806/ydlidar_ros2_ws/install/openslam_gmapping/share/openslam_gmapping/package.xml
[3.444s] -- Installing: /home/vusolee806/ydlidar_ros2_ws/install/openslam_gmapping/lib/libgridfastslam.a
[3.444s] -- Installing: /home/vusolee806/ydlidar_ros2_ws/install/openslam_gmapping/lib/libscanmatcher.a
[3.445s] -- Up-to-date: /home/vusolee806/ydlidar_ros2_ws/install/openslam_gmapping/share/openslam_gmapping/environment/library_path.sh
[3.445s] -- Up-to-date: /home/vusolee806/ydlidar_ros2_ws/install/openslam_gmapping/share/openslam_gmapping/environment/library_path.dsv
[3.445s] -- Installing: /home/vusolee806/ydlidar_ros2_ws/install/openslam_gmapping/lib/libsensor_base.a
[3.445s] -- Up-to-date: /home/vusolee806/ydlidar_ros2_ws/install/openslam_gmapping/share/openslam_gmapping/environment/library_path.sh
[3.445s] -- Up-to-date: /home/vusolee806/ydlidar_ros2_ws/install/openslam_gmapping/share/openslam_gmapping/environment/library_path.dsv
[3.445s] -- Installing: /home/vusolee806/ydlidar_ros2_ws/install/openslam_gmapping/lib/libsensor_odometry.a
[3.445s] -- Installing: /home/vusolee806/ydlidar_ros2_ws/install/openslam_gmapping/lib/libsensor_range.a
[3.445s] -- Installing: /home/vusolee806/ydlidar_ros2_ws/install/openslam_gmapping/lib/libutils.a
[3.446s] -- Up-to-date: /home/vusolee806/ydlidar_ros2_ws/install/openslam_gmapping/share/openslam_gmapping/environment/library_path.sh
[3.446s] -- Up-to-date: /home/vusolee806/ydlidar_ros2_ws/install/openslam_gmapping/share/openslam_gmapping/environment/library_path.dsv
[3.447s] Invoked command in '/home/vusolee806/ydlidar_ros2_ws/build/openslam_gmapping' returned '0': CMAKE_PREFIX_PATH=${CMAKE_PREFIX_PATH}:/opt/ros/jazzy DEBUGINFOD_URLS=https://debuginfod.ubuntu.com /usr/bin/cmake --install /home/vusolee806/ydlidar_ros2_ws/build/openslam_gmapping
