[0.173s] DEBUG:colcon:Command line arguments: ['/usr/bin/colcon', 'build', '--packages-select', 'slam_gmapping', 'openslam_gmapping']
[0.173s] DEBUG:colcon:Parsed command line arguments: Namespace(log_base=None, log_level=None, verb_name='build', build_base='build', install_base='install', merge_install=False, symlink_install=False, test_result_base=None, continue_on_error=False, executor='parallel', parallel_workers=16, event_handlers=None, ignore_user_meta=False, metas=['./colcon.meta'], base_paths=['.'], packages_ignore=None, packages_ignore_regex=None, paths=None, packages_up_to=None, packages_up_to_regex=None, packages_above=None, packages_above_and_dependencies=None, packages_above_depth=None, packages_select_by_dep=None, packages_skip_by_dep=None, packages_skip_up_to=None, packages_select_build_failed=False, packages_skip_build_finished=False, packages_select_test_failures=False, packages_skip_test_passed=False, packages_select=['slam_gmapping', 'openslam_gmapping'], packages_skip=None, packages_select_regex=None, packages_skip_regex=None, packages_start=None, packages_end=None, allow_overriding=[], cmake_args=None, cmake_target=None, cmake_target_skip_unavailable=False, cmake_clean_cache=False, cmake_clean_first=False, cmake_force_configure=False, ament_cmake_args=None, catkin_cmake_args=None, catkin_skip_building_tests=False, mixin_files=None, mixin=None, verb_parser=<colcon_mixin.mixin.mixin_argument.MixinArgumentDecorator object at 0x7d529cdc0e90>, verb_extension=<colcon_core.verb.build.BuildVerb object at 0x7d529cdc0c50>, main=<bound method BuildVerb.main of <colcon_core.verb.build.BuildVerb object at 0x7d529cdc0c50>>, mixin_verb=('build',))
[0.226s] Level 1:colcon.colcon_core.package_discovery:discover_packages(colcon_meta) check parameters
[0.226s] Level 1:colcon.colcon_core.package_discovery:discover_packages(recursive) check parameters
[0.226s] Level 1:colcon.colcon_core.package_discovery:discover_packages(ignore) check parameters
[0.226s] Level 1:colcon.colcon_core.package_discovery:discover_packages(path) check parameters
[0.226s] Level 1:colcon.colcon_core.package_discovery:discover_packages(colcon_meta) discover
[0.226s] Level 1:colcon.colcon_core.package_discovery:discover_packages(recursive) discover
[0.226s] INFO:colcon.colcon_core.package_discovery:Crawling recursively for packages in '/home/vusolee806/ydlidar_ros2_ws'
[0.226s] Level 1:colcon.colcon_core.package_identification:_identify(.) by extensions ['ignore', 'ignore_ament_install']
[0.227s] Level 1:colcon.colcon_core.package_identification:_identify(.) by extension 'ignore'
[0.227s] Level 1:colcon.colcon_core.package_identification:_identify(.) by extension 'ignore_ament_install'
[0.227s] Level 1:colcon.colcon_core.package_identification:_identify(.) by extensions ['colcon_pkg']
[0.227s] Level 1:colcon.colcon_core.package_identification:_identify(.) by extension 'colcon_pkg'
[0.227s] Level 1:colcon.colcon_core.package_identification:_identify(.) by extensions ['colcon_meta']
[0.227s] Level 1:colcon.colcon_core.package_identification:_identify(.) by extension 'colcon_meta'
[0.227s] Level 1:colcon.colcon_core.package_identification:_identify(.) by extensions ['ros']
[0.227s] Level 1:colcon.colcon_core.package_identification:_identify(.) by extension 'ros'
[0.259s] Level 1:colcon.colcon_core.package_identification:_identify(.) by extensions ['cmake', 'python']
[0.259s] Level 1:colcon.colcon_core.package_identification:_identify(.) by extension 'cmake'
[0.259s] Level 1:colcon.colcon_core.package_identification:_identify(.) by extension 'python'
[0.259s] Level 1:colcon.colcon_core.package_identification:_identify(.) by extensions ['python_setup_py']
[0.259s] Level 1:colcon.colcon_core.package_identification:_identify(.) by extension 'python_setup_py'
[0.259s] Level 1:colcon.colcon_core.package_identification:_identify(build) by extensions ['ignore', 'ignore_ament_install']
[0.259s] Level 1:colcon.colcon_core.package_identification:_identify(build) by extension 'ignore'
[0.259s] Level 1:colcon.colcon_core.package_identification:_identify(build) ignored
[0.259s] Level 1:colcon.colcon_core.package_identification:_identify(install) by extensions ['ignore', 'ignore_ament_install']
[0.259s] Level 1:colcon.colcon_core.package_identification:_identify(install) by extension 'ignore'
[0.260s] Level 1:colcon.colcon_core.package_identification:_identify(install) ignored
[0.260s] Level 1:colcon.colcon_core.package_identification:_identify(log) by extensions ['ignore', 'ignore_ament_install']
[0.260s] Level 1:colcon.colcon_core.package_identification:_identify(log) by extension 'ignore'
[0.260s] Level 1:colcon.colcon_core.package_identification:_identify(log) ignored
[0.260s] Level 1:colcon.colcon_core.package_identification:_identify(src) by extensions ['ignore', 'ignore_ament_install']
[0.260s] Level 1:colcon.colcon_core.package_identification:_identify(src) by extension 'ignore'
[0.260s] Level 1:colcon.colcon_core.package_identification:_identify(src) by extension 'ignore_ament_install'
[0.260s] Level 1:colcon.colcon_core.package_identification:_identify(src) by extensions ['colcon_pkg']
[0.260s] Level 1:colcon.colcon_core.package_identification:_identify(src) by extension 'colcon_pkg'
[0.260s] Level 1:colcon.colcon_core.package_identification:_identify(src) by extensions ['colcon_meta']
[0.260s] Level 1:colcon.colcon_core.package_identification:_identify(src) by extension 'colcon_meta'
[0.260s] Level 1:colcon.colcon_core.package_identification:_identify(src) by extensions ['ros']
[0.260s] Level 1:colcon.colcon_core.package_identification:_identify(src) by extension 'ros'
[0.260s] Level 1:colcon.colcon_core.package_identification:_identify(src) by extensions ['cmake', 'python']
[0.260s] Level 1:colcon.colcon_core.package_identification:_identify(src) by extension 'cmake'
[0.260s] Level 1:colcon.colcon_core.package_identification:_identify(src) by extension 'python'
[0.260s] Level 1:colcon.colcon_core.package_identification:_identify(src) by extensions ['python_setup_py']
[0.260s] Level 1:colcon.colcon_core.package_identification:_identify(src) by extension 'python_setup_py'
[0.260s] Level 1:colcon.colcon_core.package_identification:_identify(src/openslam_gmapping) by extensions ['ignore', 'ignore_ament_install']
[0.261s] Level 1:colcon.colcon_core.package_identification:_identify(src/openslam_gmapping) by extension 'ignore'
[0.261s] Level 1:colcon.colcon_core.package_identification:_identify(src/openslam_gmapping) by extension 'ignore_ament_install'
[0.261s] Level 1:colcon.colcon_core.package_identification:_identify(src/openslam_gmapping) by extensions ['colcon_pkg']
[0.261s] Level 1:colcon.colcon_core.package_identification:_identify(src/openslam_gmapping) by extension 'colcon_pkg'
[0.261s] Level 1:colcon.colcon_core.package_identification:_identify(src/openslam_gmapping) by extensions ['colcon_meta']
[0.261s] Level 1:colcon.colcon_core.package_identification:_identify(src/openslam_gmapping) by extension 'colcon_meta'
[0.261s] Level 1:colcon.colcon_core.package_identification:_identify(src/openslam_gmapping) by extensions ['ros']
[0.261s] Level 1:colcon.colcon_core.package_identification:_identify(src/openslam_gmapping) by extension 'ros'
[0.265s] DEBUG:colcon.colcon_core.package_identification:Package 'src/openslam_gmapping' with type 'ros.ament_cmake' and name 'openslam_gmapping'
[0.265s] Level 1:colcon.colcon_core.package_identification:_identify(src/slam_gmapping) by extensions ['ignore', 'ignore_ament_install']
[0.265s] Level 1:colcon.colcon_core.package_identification:_identify(src/slam_gmapping) by extension 'ignore'
[0.265s] Level 1:colcon.colcon_core.package_identification:_identify(src/slam_gmapping) by extension 'ignore_ament_install'
[0.265s] Level 1:colcon.colcon_core.package_identification:_identify(src/slam_gmapping) by extensions ['colcon_pkg']
[0.265s] Level 1:colcon.colcon_core.package_identification:_identify(src/slam_gmapping) by extension 'colcon_pkg'
[0.265s] Level 1:colcon.colcon_core.package_identification:_identify(src/slam_gmapping) by extensions ['colcon_meta']
[0.265s] Level 1:colcon.colcon_core.package_identification:_identify(src/slam_gmapping) by extension 'colcon_meta'
[0.265s] Level 1:colcon.colcon_core.package_identification:_identify(src/slam_gmapping) by extensions ['ros']
[0.265s] Level 1:colcon.colcon_core.package_identification:_identify(src/slam_gmapping) by extension 'ros'
[0.266s] DEBUG:colcon.colcon_core.package_identification:Package 'src/slam_gmapping' with type 'ros.ament_cmake' and name 'slam_gmapping'
[0.267s] Level 1:colcon.colcon_core.package_identification:_identify(src/ydlidar_ros2_driver) by extensions ['ignore', 'ignore_ament_install']
[0.267s] Level 1:colcon.colcon_core.package_identification:_identify(src/ydlidar_ros2_driver) by extension 'ignore'
[0.267s] Level 1:colcon.colcon_core.package_identification:_identify(src/ydlidar_ros2_driver) by extension 'ignore_ament_install'
[0.267s] Level 1:colcon.colcon_core.package_identification:_identify(src/ydlidar_ros2_driver) by extensions ['colcon_pkg']
[0.267s] Level 1:colcon.colcon_core.package_identification:_identify(src/ydlidar_ros2_driver) by extension 'colcon_pkg'
[0.267s] Level 1:colcon.colcon_core.package_identification:_identify(src/ydlidar_ros2_driver) by extensions ['colcon_meta']
[0.267s] Level 1:colcon.colcon_core.package_identification:_identify(src/ydlidar_ros2_driver) by extension 'colcon_meta'
[0.267s] Level 1:colcon.colcon_core.package_identification:_identify(src/ydlidar_ros2_driver) by extensions ['ros']
[0.267s] Level 1:colcon.colcon_core.package_identification:_identify(src/ydlidar_ros2_driver) by extension 'ros'
[0.268s] DEBUG:colcon.colcon_core.package_identification:Package 'src/ydlidar_ros2_driver' with type 'ros.ament_cmake' and name 'ydlidar_ros2_driver'
[0.268s] Level 1:colcon.colcon_core.package_discovery:discover_packages(recursive) using defaults
[0.268s] Level 1:colcon.colcon_core.package_discovery:discover_packages(ignore) discover
[0.268s] Level 1:colcon.colcon_core.package_discovery:discover_packages(ignore) using defaults
[0.268s] Level 1:colcon.colcon_core.package_discovery:discover_packages(path) discover
[0.268s] Level 1:colcon.colcon_core.package_discovery:discover_packages(path) using defaults
[0.289s] INFO:colcon.colcon_core.package_selection:Skipping not selected package 'ydlidar_ros2_driver' in 'src/ydlidar_ros2_driver'
[0.290s] Level 1:colcon.colcon_core.package_discovery:discover_packages(prefix_path) check parameters
[0.290s] Level 1:colcon.colcon_core.package_discovery:discover_packages(prefix_path) discover
[0.294s] DEBUG:colcon.colcon_installed_package_information.package_discovery:Found 503 installed packages in /opt/ros/jazzy
[0.298s] Level 1:colcon.colcon_core.package_discovery:discover_packages(prefix_path) using defaults
[0.372s] Level 5:colcon.colcon_core.verb:set package 'openslam_gmapping' build argument 'cmake_args' from command line to 'None'
[0.372s] Level 5:colcon.colcon_core.verb:set package 'openslam_gmapping' build argument 'cmake_target' from command line to 'None'
[0.372s] Level 5:colcon.colcon_core.verb:set package 'openslam_gmapping' build argument 'cmake_target_skip_unavailable' from command line to 'False'
[0.372s] Level 5:colcon.colcon_core.verb:set package 'openslam_gmapping' build argument 'cmake_clean_cache' from command line to 'False'
[0.372s] Level 5:colcon.colcon_core.verb:set package 'openslam_gmapping' build argument 'cmake_clean_first' from command line to 'False'
[0.372s] Level 5:colcon.colcon_core.verb:set package 'openslam_gmapping' build argument 'cmake_force_configure' from command line to 'False'
[0.372s] Level 5:colcon.colcon_core.verb:set package 'openslam_gmapping' build argument 'ament_cmake_args' from command line to 'None'
[0.372s] Level 5:colcon.colcon_core.verb:set package 'openslam_gmapping' build argument 'catkin_cmake_args' from command line to 'None'
[0.372s] Level 5:colcon.colcon_core.verb:set package 'openslam_gmapping' build argument 'catkin_skip_building_tests' from command line to 'False'
[0.372s] DEBUG:colcon.colcon_core.verb:Building package 'openslam_gmapping' with the following arguments: {'ament_cmake_args': None, 'build_base': '/home/vusolee806/ydlidar_ros2_ws/build/openslam_gmapping', 'catkin_cmake_args': None, 'catkin_skip_building_tests': False, 'cmake_args': None, 'cmake_clean_cache': False, 'cmake_clean_first': False, 'cmake_force_configure': False, 'cmake_target': None, 'cmake_target_skip_unavailable': False, 'install_base': '/home/vusolee806/ydlidar_ros2_ws/install/openslam_gmapping', 'merge_install': False, 'path': '/home/vusolee806/ydlidar_ros2_ws/src/openslam_gmapping', 'symlink_install': False, 'test_result_base': None}
[0.372s] Level 5:colcon.colcon_core.verb:set package 'slam_gmapping' build argument 'cmake_args' from command line to 'None'
[0.372s] Level 5:colcon.colcon_core.verb:set package 'slam_gmapping' build argument 'cmake_target' from command line to 'None'
[0.372s] Level 5:colcon.colcon_core.verb:set package 'slam_gmapping' build argument 'cmake_target_skip_unavailable' from command line to 'False'
[0.372s] Level 5:colcon.colcon_core.verb:set package 'slam_gmapping' build argument 'cmake_clean_cache' from command line to 'False'
[0.372s] Level 5:colcon.colcon_core.verb:set package 'slam_gmapping' build argument 'cmake_clean_first' from command line to 'False'
[0.372s] Level 5:colcon.colcon_core.verb:set package 'slam_gmapping' build argument 'cmake_force_configure' from command line to 'False'
[0.372s] Level 5:colcon.colcon_core.verb:set package 'slam_gmapping' build argument 'ament_cmake_args' from command line to 'None'
[0.372s] Level 5:colcon.colcon_core.verb:set package 'slam_gmapping' build argument 'catkin_cmake_args' from command line to 'None'
[0.372s] Level 5:colcon.colcon_core.verb:set package 'slam_gmapping' build argument 'catkin_skip_building_tests' from command line to 'False'
[0.372s] DEBUG:colcon.colcon_core.verb:Building package 'slam_gmapping' with the following arguments: {'ament_cmake_args': None, 'build_base': '/home/vusolee806/ydlidar_ros2_ws/build/slam_gmapping', 'catkin_cmake_args': None, 'catkin_skip_building_tests': False, 'cmake_args': None, 'cmake_clean_cache': False, 'cmake_clean_first': False, 'cmake_force_configure': False, 'cmake_target': None, 'cmake_target_skip_unavailable': False, 'install_base': '/home/vusolee806/ydlidar_ros2_ws/install/slam_gmapping', 'merge_install': False, 'path': '/home/vusolee806/ydlidar_ros2_ws/src/slam_gmapping', 'symlink_install': False, 'test_result_base': None}
[0.373s] INFO:colcon.colcon_core.executor:Executing jobs using 'parallel' executor
[0.374s] DEBUG:colcon.colcon_parallel_executor.executor.parallel:run_until_complete
[0.374s] INFO:colcon.colcon_ros.task.ament_cmake.build:Building ROS package in '/home/vusolee806/ydlidar_ros2_ws/src/openslam_gmapping' with build type 'ament_cmake'
[0.374s] INFO:colcon.colcon_cmake.task.cmake.build:Building CMake package in '/home/vusolee806/ydlidar_ros2_ws/src/openslam_gmapping'
[0.376s] INFO:colcon.colcon_core.plugin_system:Skipping extension 'colcon_core.shell.bat': Not used on non-Windows systems
[0.376s] INFO:colcon.colcon_core.shell:Skip shell extension 'powershell' for command environment: Not usable outside of PowerShell
[0.376s] DEBUG:colcon.colcon_core.shell:Skip shell extension 'dsv' for command environment
[0.387s] DEBUG:colcon.colcon_core.event_handler.log_command:Invoking command in '/home/vusolee806/ydlidar_ros2_ws/build/openslam_gmapping': CMAKE_PREFIX_PATH=${CMAKE_PREFIX_PATH}:/opt/ros/jazzy DEBUGINFOD_URLS=https://debuginfod.ubuntu.com /usr/bin/cmake --build /home/vusolee806/ydlidar_ros2_ws/build/openslam_gmapping -- -j16 -l16
[0.572s] DEBUG:colcon.colcon_core.event_handler.log_command:Invoked command in '/home/vusolee806/ydlidar_ros2_ws/build/openslam_gmapping' returned '0': CMAKE_PREFIX_PATH=${CMAKE_PREFIX_PATH}:/opt/ros/jazzy DEBUGINFOD_URLS=https://debuginfod.ubuntu.com /usr/bin/cmake --build /home/vusolee806/ydlidar_ros2_ws/build/openslam_gmapping -- -j16 -l16
[0.586s] DEBUG:colcon.colcon_core.event_handler.log_command:Invoking command in '/home/vusolee806/ydlidar_ros2_ws/build/openslam_gmapping': CMAKE_PREFIX_PATH=${CMAKE_PREFIX_PATH}:/opt/ros/jazzy DEBUGINFOD_URLS=https://debuginfod.ubuntu.com /usr/bin/cmake --install /home/vusolee806/ydlidar_ros2_ws/build/openslam_gmapping
[0.609s] Level 1:colcon.colcon_core.environment:create_environment_scripts_only(openslam_gmapping)
[0.612s] DEBUG:colcon.colcon_core.event_handler.log_command:Invoked command in '/home/vusolee806/ydlidar_ros2_ws/build/openslam_gmapping' returned '0': CMAKE_PREFIX_PATH=${CMAKE_PREFIX_PATH}:/opt/ros/jazzy DEBUGINFOD_URLS=https://debuginfod.ubuntu.com /usr/bin/cmake --install /home/vusolee806/ydlidar_ros2_ws/build/openslam_gmapping
[0.614s] Level 1:colcon.colcon_core.environment:checking '/home/vusolee806/ydlidar_ros2_ws/install/openslam_gmapping' for CMake module files
[0.615s] Level 1:colcon.colcon_core.environment:checking '/home/vusolee806/ydlidar_ros2_ws/install/openslam_gmapping' for CMake config files
[0.615s] Level 1:colcon.colcon_core.shell:create_environment_hook('openslam_gmapping', 'cmake_prefix_path')
[0.615s] INFO:colcon.colcon_core.shell:Creating environment hook '/home/vusolee806/ydlidar_ros2_ws/install/openslam_gmapping/share/openslam_gmapping/hook/cmake_prefix_path.ps1'
[0.616s] INFO:colcon.colcon_core.shell:Creating environment descriptor '/home/vusolee806/ydlidar_ros2_ws/install/openslam_gmapping/share/openslam_gmapping/hook/cmake_prefix_path.dsv'
[0.617s] INFO:colcon.colcon_core.shell:Creating environment hook '/home/vusolee806/ydlidar_ros2_ws/install/openslam_gmapping/share/openslam_gmapping/hook/cmake_prefix_path.sh'
[0.618s] Level 1:colcon.colcon_core.environment:checking '/home/vusolee806/ydlidar_ros2_ws/install/openslam_gmapping/lib'
[0.618s] Level 1:colcon.colcon_core.environment:checking '/home/vusolee806/ydlidar_ros2_ws/install/openslam_gmapping/bin'
[0.618s] Level 1:colcon.colcon_core.environment:checking '/home/vusolee806/ydlidar_ros2_ws/install/openslam_gmapping/lib/pkgconfig/openslam_gmapping.pc'
[0.619s] Level 1:colcon.colcon_core.environment:checking '/home/vusolee806/ydlidar_ros2_ws/install/openslam_gmapping/lib/python3.12/site-packages'
[0.619s] Level 1:colcon.colcon_core.environment:checking '/home/vusolee806/ydlidar_ros2_ws/install/openslam_gmapping/bin'
[0.619s] INFO:colcon.colcon_core.shell:Creating package script '/home/vusolee806/ydlidar_ros2_ws/install/openslam_gmapping/share/openslam_gmapping/package.ps1'
[0.620s] INFO:colcon.colcon_core.shell:Creating package descriptor '/home/vusolee806/ydlidar_ros2_ws/install/openslam_gmapping/share/openslam_gmapping/package.dsv'
[0.620s] INFO:colcon.colcon_core.shell:Creating package script '/home/vusolee806/ydlidar_ros2_ws/install/openslam_gmapping/share/openslam_gmapping/package.sh'
[0.621s] INFO:colcon.colcon_core.shell:Creating package script '/home/vusolee806/ydlidar_ros2_ws/install/openslam_gmapping/share/openslam_gmapping/package.bash'
[0.621s] INFO:colcon.colcon_core.shell:Creating package script '/home/vusolee806/ydlidar_ros2_ws/install/openslam_gmapping/share/openslam_gmapping/package.zsh'
[0.622s] Level 1:colcon.colcon_core.environment:create_file_with_runtime_dependencies(/home/vusolee806/ydlidar_ros2_ws/install/openslam_gmapping/share/colcon-core/packages/openslam_gmapping)
[0.622s] Level 1:colcon.colcon_core.environment:create_environment_scripts_only(openslam_gmapping)
[0.622s] Level 1:colcon.colcon_core.environment:checking '/home/vusolee806/ydlidar_ros2_ws/install/openslam_gmapping' for CMake module files
[0.623s] Level 1:colcon.colcon_core.environment:checking '/home/vusolee806/ydlidar_ros2_ws/install/openslam_gmapping' for CMake config files
[0.623s] Level 1:colcon.colcon_core.shell:create_environment_hook('openslam_gmapping', 'cmake_prefix_path')
[0.623s] INFO:colcon.colcon_core.shell:Creating environment hook '/home/vusolee806/ydlidar_ros2_ws/install/openslam_gmapping/share/openslam_gmapping/hook/cmake_prefix_path.ps1'
[0.623s] INFO:colcon.colcon_core.shell:Creating environment descriptor '/home/vusolee806/ydlidar_ros2_ws/install/openslam_gmapping/share/openslam_gmapping/hook/cmake_prefix_path.dsv'
[0.624s] INFO:colcon.colcon_core.shell:Creating environment hook '/home/vusolee806/ydlidar_ros2_ws/install/openslam_gmapping/share/openslam_gmapping/hook/cmake_prefix_path.sh'
[0.624s] Level 1:colcon.colcon_core.environment:checking '/home/vusolee806/ydlidar_ros2_ws/install/openslam_gmapping/lib'
[0.625s] Level 1:colcon.colcon_core.environment:checking '/home/vusolee806/ydlidar_ros2_ws/install/openslam_gmapping/bin'
[0.625s] Level 1:colcon.colcon_core.environment:checking '/home/vusolee806/ydlidar_ros2_ws/install/openslam_gmapping/lib/pkgconfig/openslam_gmapping.pc'
[0.625s] Level 1:colcon.colcon_core.environment:checking '/home/vusolee806/ydlidar_ros2_ws/install/openslam_gmapping/lib/python3.12/site-packages'
[0.625s] Level 1:colcon.colcon_core.environment:checking '/home/vusolee806/ydlidar_ros2_ws/install/openslam_gmapping/bin'
[0.625s] INFO:colcon.colcon_core.shell:Creating package script '/home/vusolee806/ydlidar_ros2_ws/install/openslam_gmapping/share/openslam_gmapping/package.ps1'
[0.626s] INFO:colcon.colcon_core.shell:Creating package descriptor '/home/vusolee806/ydlidar_ros2_ws/install/openslam_gmapping/share/openslam_gmapping/package.dsv'
[0.626s] INFO:colcon.colcon_core.shell:Creating package script '/home/vusolee806/ydlidar_ros2_ws/install/openslam_gmapping/share/openslam_gmapping/package.sh'
[0.626s] INFO:colcon.colcon_core.shell:Creating package script '/home/vusolee806/ydlidar_ros2_ws/install/openslam_gmapping/share/openslam_gmapping/package.bash'
[0.627s] INFO:colcon.colcon_core.shell:Creating package script '/home/vusolee806/ydlidar_ros2_ws/install/openslam_gmapping/share/openslam_gmapping/package.zsh'
[0.627s] Level 1:colcon.colcon_core.environment:create_file_with_runtime_dependencies(/home/vusolee806/ydlidar_ros2_ws/install/openslam_gmapping/share/colcon-core/packages/openslam_gmapping)
[0.627s] INFO:colcon.colcon_ros.task.ament_cmake.build:Building ROS package in '/home/vusolee806/ydlidar_ros2_ws/src/slam_gmapping' with build type 'ament_cmake'
[0.627s] INFO:colcon.colcon_cmake.task.cmake.build:Building CMake package in '/home/vusolee806/ydlidar_ros2_ws/src/slam_gmapping'
[0.628s] INFO:colcon.colcon_core.shell:Skip shell extension 'powershell' for command environment: Not usable outside of PowerShell
[0.628s] DEBUG:colcon.colcon_core.shell:Skip shell extension 'dsv' for command environment
[0.640s] DEBUG:colcon.colcon_core.event_handler.log_command:Invoking command in '/home/vusolee806/ydlidar_ros2_ws/build/slam_gmapping': AMENT_PREFIX_PATH=/home/vusolee806/ydlidar_ros2_ws/install/openslam_gmapping:${AMENT_PREFIX_PATH} CMAKE_PREFIX_PATH=/home/vusolee806/ydlidar_ros2_ws/install/openslam_gmapping:/opt/ros/jazzy/opt/gz_sim_vendor:/opt/ros/jazzy/opt/gz_sensors_vendor:/opt/ros/jazzy/opt/gz_physics_vendor:/opt/ros/jazzy/opt/sdformat_vendor:/opt/ros/jazzy/opt/gz_gui_vendor:/opt/ros/jazzy/opt/gz_transport_vendor:/opt/ros/jazzy/opt/gz_rendering_vendor:/opt/ros/jazzy/opt/gz_plugin_vendor:/opt/ros/jazzy/opt/gz_fuel_tools_vendor:/opt/ros/jazzy/opt/gz_msgs_vendor:/opt/ros/jazzy/opt/gz_common_vendor:/opt/ros/jazzy/opt/gz_math_vendor:/opt/ros/jazzy/opt/gz_utils_vendor:/opt/ros/jazzy/opt/gz_tools_vendor:/opt/ros/jazzy/opt/gz_ogre_next_vendor:/opt/ros/jazzy/opt/gz_dartsim_vendor:/opt/ros/jazzy/opt/gz_cmake_vendor:/opt/ros/jazzy DEBUGINFOD_URLS=https://debuginfod.ubuntu.com LD_LIBRARY_PATH=/home/vusolee806/ydlidar_ros2_ws/install/openslam_gmapping/lib:${LD_LIBRARY_PATH} /usr/bin/cmake --build /home/vusolee806/ydlidar_ros2_ws/build/slam_gmapping -- -j16 -l16
[1.007s] DEBUG:colcon.colcon_core.event_handler.log_command:Invoked command in '/home/vusolee806/ydlidar_ros2_ws/build/slam_gmapping' returned '2': AMENT_PREFIX_PATH=/home/vusolee806/ydlidar_ros2_ws/install/openslam_gmapping:${AMENT_PREFIX_PATH} CMAKE_PREFIX_PATH=/home/vusolee806/ydlidar_ros2_ws/install/openslam_gmapping:/opt/ros/jazzy/opt/gz_sim_vendor:/opt/ros/jazzy/opt/gz_sensors_vendor:/opt/ros/jazzy/opt/gz_physics_vendor:/opt/ros/jazzy/opt/sdformat_vendor:/opt/ros/jazzy/opt/gz_gui_vendor:/opt/ros/jazzy/opt/gz_transport_vendor:/opt/ros/jazzy/opt/gz_rendering_vendor:/opt/ros/jazzy/opt/gz_plugin_vendor:/opt/ros/jazzy/opt/gz_fuel_tools_vendor:/opt/ros/jazzy/opt/gz_msgs_vendor:/opt/ros/jazzy/opt/gz_common_vendor:/opt/ros/jazzy/opt/gz_math_vendor:/opt/ros/jazzy/opt/gz_utils_vendor:/opt/ros/jazzy/opt/gz_tools_vendor:/opt/ros/jazzy/opt/gz_ogre_next_vendor:/opt/ros/jazzy/opt/gz_dartsim_vendor:/opt/ros/jazzy/opt/gz_cmake_vendor:/opt/ros/jazzy DEBUGINFOD_URLS=https://debuginfod.ubuntu.com LD_LIBRARY_PATH=/home/vusolee806/ydlidar_ros2_ws/install/openslam_gmapping/lib:${LD_LIBRARY_PATH} /usr/bin/cmake --build /home/vusolee806/ydlidar_ros2_ws/build/slam_gmapping -- -j16 -l16
[1.008s] Level 1:colcon.colcon_core.environment:create_environment_scripts_only(slam_gmapping)
[1.008s] Level 1:colcon.colcon_core.environment:checking '/home/vusolee806/ydlidar_ros2_ws/install/slam_gmapping' for CMake module files
[1.008s] Level 1:colcon.colcon_core.environment:checking '/home/vusolee806/ydlidar_ros2_ws/install/slam_gmapping' for CMake config files
[1.008s] Level 1:colcon.colcon_core.environment:checking '/home/vusolee806/ydlidar_ros2_ws/install/slam_gmapping/bin'
[1.008s] Level 1:colcon.colcon_core.environment:checking '/home/vusolee806/ydlidar_ros2_ws/install/slam_gmapping/lib/pkgconfig/slam_gmapping.pc'
[1.008s] Level 1:colcon.colcon_core.environment:checking '/home/vusolee806/ydlidar_ros2_ws/install/slam_gmapping/lib/python3.12/site-packages'
[1.009s] Level 1:colcon.colcon_core.environment:checking '/home/vusolee806/ydlidar_ros2_ws/install/slam_gmapping/bin'
[1.009s] INFO:colcon.colcon_core.shell:Creating package script '/home/vusolee806/ydlidar_ros2_ws/install/slam_gmapping/share/slam_gmapping/package.ps1'
[1.009s] INFO:colcon.colcon_core.shell:Creating package descriptor '/home/vusolee806/ydlidar_ros2_ws/install/slam_gmapping/share/slam_gmapping/package.dsv'
[1.009s] INFO:colcon.colcon_core.shell:Creating package script '/home/vusolee806/ydlidar_ros2_ws/install/slam_gmapping/share/slam_gmapping/package.sh'
[1.009s] INFO:colcon.colcon_core.shell:Creating package script '/home/vusolee806/ydlidar_ros2_ws/install/slam_gmapping/share/slam_gmapping/package.bash'
[1.010s] INFO:colcon.colcon_core.shell:Creating package script '/home/vusolee806/ydlidar_ros2_ws/install/slam_gmapping/share/slam_gmapping/package.zsh'
[1.010s] Level 1:colcon.colcon_core.environment:create_file_with_runtime_dependencies(/home/vusolee806/ydlidar_ros2_ws/install/slam_gmapping/share/colcon-core/packages/slam_gmapping)
[1.020s] DEBUG:colcon.colcon_parallel_executor.executor.parallel:closing loop
[1.021s] DEBUG:colcon.colcon_parallel_executor.executor.parallel:loop closed
[1.021s] DEBUG:colcon.colcon_parallel_executor.executor.parallel:run_until_complete finished with '2'
[1.021s] DEBUG:colcon.colcon_core.event_reactor:joining thread
[1.026s] INFO:colcon.colcon_core.plugin_system:Skipping extension 'colcon_notification.desktop_notification.terminal_notifier': Not used on non-Darwin systems
[1.026s] INFO:colcon.colcon_core.plugin_system:Skipping extension 'colcon_notification.desktop_notification.win32': Not used on non-Windows systems
[1.026s] INFO:colcon.colcon_notification.desktop_notification:Sending desktop notification using 'notify2'
[1.039s] DEBUG:colcon.colcon_core.event_reactor:joined thread
[1.039s] INFO:colcon.colcon_core.shell:Creating prefix script '/home/vusolee806/ydlidar_ros2_ws/install/local_setup.ps1'
[1.040s] INFO:colcon.colcon_core.shell:Creating prefix util module '/home/vusolee806/ydlidar_ros2_ws/install/_local_setup_util_ps1.py'
[1.041s] INFO:colcon.colcon_core.shell:Creating prefix chain script '/home/vusolee806/ydlidar_ros2_ws/install/setup.ps1'
[1.042s] INFO:colcon.colcon_core.shell:Creating prefix script '/home/vusolee806/ydlidar_ros2_ws/install/local_setup.sh'
[1.042s] INFO:colcon.colcon_core.shell:Creating prefix util module '/home/vusolee806/ydlidar_ros2_ws/install/_local_setup_util_sh.py'
[1.042s] INFO:colcon.colcon_core.shell:Creating prefix chain script '/home/vusolee806/ydlidar_ros2_ws/install/setup.sh'
[1.043s] INFO:colcon.colcon_core.shell:Creating prefix script '/home/vusolee806/ydlidar_ros2_ws/install/local_setup.bash'
[1.043s] INFO:colcon.colcon_core.shell:Creating prefix chain script '/home/vusolee806/ydlidar_ros2_ws/install/setup.bash'
[1.044s] INFO:colcon.colcon_core.shell:Creating prefix script '/home/vusolee806/ydlidar_ros2_ws/install/local_setup.zsh'
[1.044s] INFO:colcon.colcon_core.shell:Creating prefix chain script '/home/vusolee806/ydlidar_ros2_ws/install/setup.zsh'
