[0.313s] DEBUG:colcon:Command line arguments: ['/usr/bin/colcon', 'build', '--symlink-install']
[0.313s] DEBUG:colcon:Parsed command line arguments: Namespace(log_base=None, log_level=None, verb_name='build', build_base='build', install_base='install', merge_install=False, symlink_install=True, test_result_base=None, continue_on_error=False, executor='parallel', parallel_workers=16, event_handlers=None, ignore_user_meta=False, metas=['./colcon.meta'], base_paths=['.'], packages_ignore=None, packages_ignore_regex=None, paths=None, packages_up_to=None, packages_up_to_regex=None, packages_above=None, packages_above_and_dependencies=None, packages_above_depth=None, packages_select_by_dep=None, packages_skip_by_dep=None, packages_skip_up_to=None, packages_select_build_failed=False, packages_skip_build_finished=False, packages_select_test_failures=False, packages_skip_test_passed=False, packages_select=None, packages_skip=None, packages_select_regex=None, packages_skip_regex=None, packages_start=None, packages_end=None, allow_overriding=[], cmake_args=None, cmake_target=None, cmake_target_skip_unavailable=False, cmake_clean_cache=False, cmake_clean_first=False, cmake_force_configure=False, ament_cmake_args=None, catkin_cmake_args=None, catkin_skip_building_tests=False, mixin_files=None, mixin=None, verb_parser=<colcon_mixin.mixin.mixin_argument.MixinArgumentDecorator object at 0x79b4aa0bcfe0>, verb_extension=<colcon_core.verb.build.BuildVerb object at 0x79b4aa0bcd10>, main=<bound method BuildVerb.main of <colcon_core.verb.build.BuildVerb object at 0x79b4aa0bcd10>>, mixin_verb=('build',))
[0.381s] Level 1:colcon.colcon_core.package_discovery:discover_packages(colcon_meta) check parameters
[0.381s] Level 1:colcon.colcon_core.package_discovery:discover_packages(recursive) check parameters
[0.381s] Level 1:colcon.colcon_core.package_discovery:discover_packages(ignore) check parameters
[0.381s] Level 1:colcon.colcon_core.package_discovery:discover_packages(path) check parameters
[0.381s] Level 1:colcon.colcon_core.package_discovery:discover_packages(colcon_meta) discover
[0.381s] Level 1:colcon.colcon_core.package_discovery:discover_packages(recursive) discover
[0.381s] INFO:colcon.colcon_core.package_discovery:Crawling recursively for packages in '/home/vusolee806/ydlidar_ros2_ws'
[0.381s] Level 1:colcon.colcon_core.package_identification:_identify(.) by extensions ['ignore', 'ignore_ament_install']
[0.381s] Level 1:colcon.colcon_core.package_identification:_identify(.) by extension 'ignore'
[0.381s] Level 1:colcon.colcon_core.package_identification:_identify(.) by extension 'ignore_ament_install'
[0.381s] Level 1:colcon.colcon_core.package_identification:_identify(.) by extensions ['colcon_pkg']
[0.381s] Level 1:colcon.colcon_core.package_identification:_identify(.) by extension 'colcon_pkg'
[0.381s] Level 1:colcon.colcon_core.package_identification:_identify(.) by extensions ['colcon_meta']
[0.382s] Level 1:colcon.colcon_core.package_identification:_identify(.) by extension 'colcon_meta'
[0.382s] Level 1:colcon.colcon_core.package_identification:_identify(.) by extensions ['ros']
[0.382s] Level 1:colcon.colcon_core.package_identification:_identify(.) by extension 'ros'
[0.421s] Level 1:colcon.colcon_core.package_identification:_identify(.) by extensions ['cmake', 'python']
[0.421s] Level 1:colcon.colcon_core.package_identification:_identify(.) by extension 'cmake'
[0.421s] Level 1:colcon.colcon_core.package_identification:_identify(.) by extension 'python'
[0.421s] Level 1:colcon.colcon_core.package_identification:_identify(.) by extensions ['python_setup_py']
[0.421s] Level 1:colcon.colcon_core.package_identification:_identify(.) by extension 'python_setup_py'
[0.422s] Level 1:colcon.colcon_core.package_identification:_identify(build) by extensions ['ignore', 'ignore_ament_install']
[0.422s] Level 1:colcon.colcon_core.package_identification:_identify(build) by extension 'ignore'
[0.422s] Level 1:colcon.colcon_core.package_identification:_identify(build) ignored
[0.422s] Level 1:colcon.colcon_core.package_identification:_identify(install) by extensions ['ignore', 'ignore_ament_install']
[0.423s] Level 1:colcon.colcon_core.package_identification:_identify(install) by extension 'ignore'
[0.423s] Level 1:colcon.colcon_core.package_identification:_identify(install) ignored
[0.423s] Level 1:colcon.colcon_core.package_identification:_identify(log) by extensions ['ignore', 'ignore_ament_install']
[0.423s] Level 1:colcon.colcon_core.package_identification:_identify(log) by extension 'ignore'
[0.423s] Level 1:colcon.colcon_core.package_identification:_identify(log) ignored
[0.423s] Level 1:colcon.colcon_core.package_identification:_identify(src) by extensions ['ignore', 'ignore_ament_install']
[0.423s] Level 1:colcon.colcon_core.package_identification:_identify(src) by extension 'ignore'
[0.424s] Level 1:colcon.colcon_core.package_identification:_identify(src) by extension 'ignore_ament_install'
[0.424s] Level 1:colcon.colcon_core.package_identification:_identify(src) by extensions ['colcon_pkg']
[0.424s] Level 1:colcon.colcon_core.package_identification:_identify(src) by extension 'colcon_pkg'
[0.424s] Level 1:colcon.colcon_core.package_identification:_identify(src) by extensions ['colcon_meta']
[0.424s] Level 1:colcon.colcon_core.package_identification:_identify(src) by extension 'colcon_meta'
[0.424s] Level 1:colcon.colcon_core.package_identification:_identify(src) by extensions ['ros']
[0.424s] Level 1:colcon.colcon_core.package_identification:_identify(src) by extension 'ros'
[0.424s] Level 1:colcon.colcon_core.package_identification:_identify(src) by extensions ['cmake', 'python']
[0.424s] Level 1:colcon.colcon_core.package_identification:_identify(src) by extension 'cmake'
[0.424s] Level 1:colcon.colcon_core.package_identification:_identify(src) by extension 'python'
[0.424s] Level 1:colcon.colcon_core.package_identification:_identify(src) by extensions ['python_setup_py']
[0.424s] Level 1:colcon.colcon_core.package_identification:_identify(src) by extension 'python_setup_py'
[0.425s] Level 1:colcon.colcon_core.package_identification:_identify(src/openslam_gmapping) by extensions ['ignore', 'ignore_ament_install']
[0.425s] Level 1:colcon.colcon_core.package_identification:_identify(src/openslam_gmapping) by extension 'ignore'
[0.425s] Level 1:colcon.colcon_core.package_identification:_identify(src/openslam_gmapping) by extension 'ignore_ament_install'
[0.425s] Level 1:colcon.colcon_core.package_identification:_identify(src/openslam_gmapping) by extensions ['colcon_pkg']
[0.425s] Level 1:colcon.colcon_core.package_identification:_identify(src/openslam_gmapping) by extension 'colcon_pkg'
[0.425s] Level 1:colcon.colcon_core.package_identification:_identify(src/openslam_gmapping) by extensions ['colcon_meta']
[0.425s] Level 1:colcon.colcon_core.package_identification:_identify(src/openslam_gmapping) by extension 'colcon_meta'
[0.425s] Level 1:colcon.colcon_core.package_identification:_identify(src/openslam_gmapping) by extensions ['ros']
[0.425s] Level 1:colcon.colcon_core.package_identification:_identify(src/openslam_gmapping) by extension 'ros'
[0.431s] DEBUG:colcon.colcon_core.package_identification:Package 'src/openslam_gmapping' with type 'ros.ament_cmake' and name 'openslam_gmapping'
[0.431s] Level 1:colcon.colcon_core.package_identification:_identify(src/slam_gmapping) by extensions ['ignore', 'ignore_ament_install']
[0.432s] Level 1:colcon.colcon_core.package_identification:_identify(src/slam_gmapping) by extension 'ignore'
[0.432s] Level 1:colcon.colcon_core.package_identification:_identify(src/slam_gmapping) by extension 'ignore_ament_install'
[0.432s] Level 1:colcon.colcon_core.package_identification:_identify(src/slam_gmapping) by extensions ['colcon_pkg']
[0.432s] Level 1:colcon.colcon_core.package_identification:_identify(src/slam_gmapping) by extension 'colcon_pkg'
[0.432s] Level 1:colcon.colcon_core.package_identification:_identify(src/slam_gmapping) by extensions ['colcon_meta']
[0.432s] Level 1:colcon.colcon_core.package_identification:_identify(src/slam_gmapping) by extension 'colcon_meta'
[0.432s] Level 1:colcon.colcon_core.package_identification:_identify(src/slam_gmapping) by extensions ['ros']
[0.432s] Level 1:colcon.colcon_core.package_identification:_identify(src/slam_gmapping) by extension 'ros'
[0.434s] DEBUG:colcon.colcon_core.package_identification:Package 'src/slam_gmapping' with type 'ros.ament_cmake' and name 'slam_gmapping'
[0.435s] Level 1:colcon.colcon_core.package_identification:_identify(src/ydlidar_ros2_driver) by extensions ['ignore', 'ignore_ament_install']
[0.435s] Level 1:colcon.colcon_core.package_identification:_identify(src/ydlidar_ros2_driver) by extension 'ignore'
[0.435s] Level 1:colcon.colcon_core.package_identification:_identify(src/ydlidar_ros2_driver) by extension 'ignore_ament_install'
[0.435s] Level 1:colcon.colcon_core.package_identification:_identify(src/ydlidar_ros2_driver) by extensions ['colcon_pkg']
[0.435s] Level 1:colcon.colcon_core.package_identification:_identify(src/ydlidar_ros2_driver) by extension 'colcon_pkg'
[0.435s] Level 1:colcon.colcon_core.package_identification:_identify(src/ydlidar_ros2_driver) by extensions ['colcon_meta']
[0.435s] Level 1:colcon.colcon_core.package_identification:_identify(src/ydlidar_ros2_driver) by extension 'colcon_meta'
[0.435s] Level 1:colcon.colcon_core.package_identification:_identify(src/ydlidar_ros2_driver) by extensions ['ros']
[0.435s] Level 1:colcon.colcon_core.package_identification:_identify(src/ydlidar_ros2_driver) by extension 'ros'
[0.437s] DEBUG:colcon.colcon_core.package_identification:Package 'src/ydlidar_ros2_driver' with type 'ros.ament_cmake' and name 'ydlidar_ros2_driver'
[0.437s] Level 1:colcon.colcon_core.package_discovery:discover_packages(recursive) using defaults
[0.437s] Level 1:colcon.colcon_core.package_discovery:discover_packages(ignore) discover
[0.437s] Level 1:colcon.colcon_core.package_discovery:discover_packages(ignore) using defaults
[0.437s] Level 1:colcon.colcon_core.package_discovery:discover_packages(path) discover
[0.437s] Level 1:colcon.colcon_core.package_discovery:discover_packages(path) using defaults
[0.465s] Level 1:colcon.colcon_core.package_discovery:discover_packages(prefix_path) check parameters
[0.465s] Level 1:colcon.colcon_core.package_discovery:discover_packages(prefix_path) discover
[0.468s] DEBUG:colcon.colcon_installed_package_information.package_discovery:Found 3 installed packages in /home/vusolee806/ydlidar_ros2_ws/install
[0.472s] DEBUG:colcon.colcon_installed_package_information.package_discovery:Found 503 installed packages in /opt/ros/jazzy
[0.474s] Level 1:colcon.colcon_core.package_discovery:discover_packages(prefix_path) using defaults
[0.587s] Level 5:colcon.colcon_core.verb:set package 'openslam_gmapping' build argument 'cmake_args' from command line to 'None'
[0.588s] Level 5:colcon.colcon_core.verb:set package 'openslam_gmapping' build argument 'cmake_target' from command line to 'None'
[0.588s] Level 5:colcon.colcon_core.verb:set package 'openslam_gmapping' build argument 'cmake_target_skip_unavailable' from command line to 'False'
[0.588s] Level 5:colcon.colcon_core.verb:set package 'openslam_gmapping' build argument 'cmake_clean_cache' from command line to 'False'
[0.588s] Level 5:colcon.colcon_core.verb:set package 'openslam_gmapping' build argument 'cmake_clean_first' from command line to 'False'
[0.588s] Level 5:colcon.colcon_core.verb:set package 'openslam_gmapping' build argument 'cmake_force_configure' from command line to 'False'
[0.588s] Level 5:colcon.colcon_core.verb:set package 'openslam_gmapping' build argument 'ament_cmake_args' from command line to 'None'
[0.588s] Level 5:colcon.colcon_core.verb:set package 'openslam_gmapping' build argument 'catkin_cmake_args' from command line to 'None'
[0.588s] Level 5:colcon.colcon_core.verb:set package 'openslam_gmapping' build argument 'catkin_skip_building_tests' from command line to 'False'
[0.588s] DEBUG:colcon.colcon_core.verb:Building package 'openslam_gmapping' with the following arguments: {'ament_cmake_args': None, 'build_base': '/home/vusolee806/ydlidar_ros2_ws/build/openslam_gmapping', 'catkin_cmake_args': None, 'catkin_skip_building_tests': False, 'cmake_args': None, 'cmake_clean_cache': False, 'cmake_clean_first': False, 'cmake_force_configure': False, 'cmake_target': None, 'cmake_target_skip_unavailable': False, 'install_base': '/home/vusolee806/ydlidar_ros2_ws/install/openslam_gmapping', 'merge_install': False, 'path': '/home/vusolee806/ydlidar_ros2_ws/src/openslam_gmapping', 'symlink_install': True, 'test_result_base': None}
[0.588s] Level 5:colcon.colcon_core.verb:set package 'ydlidar_ros2_driver' build argument 'cmake_args' from command line to 'None'
[0.589s] Level 5:colcon.colcon_core.verb:set package 'ydlidar_ros2_driver' build argument 'cmake_target' from command line to 'None'
[0.589s] Level 5:colcon.colcon_core.verb:set package 'ydlidar_ros2_driver' build argument 'cmake_target_skip_unavailable' from command line to 'False'
[0.589s] Level 5:colcon.colcon_core.verb:set package 'ydlidar_ros2_driver' build argument 'cmake_clean_cache' from command line to 'False'
[0.589s] Level 5:colcon.colcon_core.verb:set package 'ydlidar_ros2_driver' build argument 'cmake_clean_first' from command line to 'False'
[0.589s] Level 5:colcon.colcon_core.verb:set package 'ydlidar_ros2_driver' build argument 'cmake_force_configure' from command line to 'False'
[0.589s] Level 5:colcon.colcon_core.verb:set package 'ydlidar_ros2_driver' build argument 'ament_cmake_args' from command line to 'None'
[0.589s] Level 5:colcon.colcon_core.verb:set package 'ydlidar_ros2_driver' build argument 'catkin_cmake_args' from command line to 'None'
[0.589s] Level 5:colcon.colcon_core.verb:set package 'ydlidar_ros2_driver' build argument 'catkin_skip_building_tests' from command line to 'False'
[0.589s] DEBUG:colcon.colcon_core.verb:Building package 'ydlidar_ros2_driver' with the following arguments: {'ament_cmake_args': None, 'build_base': '/home/vusolee806/ydlidar_ros2_ws/build/ydlidar_ros2_driver', 'catkin_cmake_args': None, 'catkin_skip_building_tests': False, 'cmake_args': None, 'cmake_clean_cache': False, 'cmake_clean_first': False, 'cmake_force_configure': False, 'cmake_target': None, 'cmake_target_skip_unavailable': False, 'install_base': '/home/vusolee806/ydlidar_ros2_ws/install/ydlidar_ros2_driver', 'merge_install': False, 'path': '/home/vusolee806/ydlidar_ros2_ws/src/ydlidar_ros2_driver', 'symlink_install': True, 'test_result_base': None}
[0.589s] Level 5:colcon.colcon_core.verb:set package 'slam_gmapping' build argument 'cmake_args' from command line to 'None'
[0.589s] Level 5:colcon.colcon_core.verb:set package 'slam_gmapping' build argument 'cmake_target' from command line to 'None'
[0.589s] Level 5:colcon.colcon_core.verb:set package 'slam_gmapping' build argument 'cmake_target_skip_unavailable' from command line to 'False'
[0.589s] Level 5:colcon.colcon_core.verb:set package 'slam_gmapping' build argument 'cmake_clean_cache' from command line to 'False'
[0.589s] Level 5:colcon.colcon_core.verb:set package 'slam_gmapping' build argument 'cmake_clean_first' from command line to 'False'
[0.589s] Level 5:colcon.colcon_core.verb:set package 'slam_gmapping' build argument 'cmake_force_configure' from command line to 'False'
[0.589s] Level 5:colcon.colcon_core.verb:set package 'slam_gmapping' build argument 'ament_cmake_args' from command line to 'None'
[0.589s] Level 5:colcon.colcon_core.verb:set package 'slam_gmapping' build argument 'catkin_cmake_args' from command line to 'None'
[0.589s] Level 5:colcon.colcon_core.verb:set package 'slam_gmapping' build argument 'catkin_skip_building_tests' from command line to 'False'
[0.590s] DEBUG:colcon.colcon_core.verb:Building package 'slam_gmapping' with the following arguments: {'ament_cmake_args': None, 'build_base': '/home/vusolee806/ydlidar_ros2_ws/build/slam_gmapping', 'catkin_cmake_args': None, 'catkin_skip_building_tests': False, 'cmake_args': None, 'cmake_clean_cache': False, 'cmake_clean_first': False, 'cmake_force_configure': False, 'cmake_target': None, 'cmake_target_skip_unavailable': False, 'install_base': '/home/vusolee806/ydlidar_ros2_ws/install/slam_gmapping', 'merge_install': False, 'path': '/home/vusolee806/ydlidar_ros2_ws/src/slam_gmapping', 'symlink_install': True, 'test_result_base': None}
[0.590s] INFO:colcon.colcon_core.executor:Executing jobs using 'parallel' executor
[0.591s] DEBUG:colcon.colcon_parallel_executor.executor.parallel:run_until_complete
[0.591s] INFO:colcon.colcon_ros.task.ament_cmake.build:Building ROS package in '/home/vusolee806/ydlidar_ros2_ws/src/openslam_gmapping' with build type 'ament_cmake'
[0.592s] INFO:colcon.colcon_cmake.task.cmake.build:Building CMake package in '/home/vusolee806/ydlidar_ros2_ws/src/openslam_gmapping'
[0.597s] INFO:colcon.colcon_core.plugin_system:Skipping extension 'colcon_core.shell.bat': Not used on non-Windows systems
[0.597s] INFO:colcon.colcon_core.shell:Skip shell extension 'powershell' for command environment: Not usable outside of PowerShell
[0.597s] DEBUG:colcon.colcon_core.shell:Skip shell extension 'dsv' for command environment
[0.603s] INFO:colcon.colcon_ros.task.ament_cmake.build:Building ROS package in '/home/vusolee806/ydlidar_ros2_ws/src/ydlidar_ros2_driver' with build type 'ament_cmake'
[0.604s] INFO:colcon.colcon_cmake.task.cmake.build:Building CMake package in '/home/vusolee806/ydlidar_ros2_ws/src/ydlidar_ros2_driver'
[0.604s] INFO:colcon.colcon_core.shell:Skip shell extension 'powershell' for command environment: Not usable outside of PowerShell
[0.604s] DEBUG:colcon.colcon_core.shell:Skip shell extension 'dsv' for command environment
[0.613s] DEBUG:colcon.colcon_core.event_handler.log_command:Invoking command in '/home/vusolee806/ydlidar_ros2_ws/build/openslam_gmapping': CMAKE_PREFIX_PATH=${CMAKE_PREFIX_PATH}:/opt/ros/jazzy DEBUGINFOD_URLS=https://debuginfod.ubuntu.com /usr/bin/cmake /home/vusolee806/ydlidar_ros2_ws/src/openslam_gmapping -DAMENT_CMAKE_SYMLINK_INSTALL=1 -DCMAKE_INSTALL_PREFIX=/home/vusolee806/ydlidar_ros2_ws/install/openslam_gmapping
[0.633s] DEBUG:colcon.colcon_core.event_handler.log_command:Invoking command in '/home/vusolee806/ydlidar_ros2_ws/build/ydlidar_ros2_driver': CMAKE_PREFIX_PATH=${CMAKE_PREFIX_PATH}:/opt/ros/jazzy DEBUGINFOD_URLS=https://debuginfod.ubuntu.com /usr/bin/cmake /home/vusolee806/ydlidar_ros2_ws/src/ydlidar_ros2_driver -DAMENT_CMAKE_SYMLINK_INSTALL=1 -DCMAKE_INSTALL_PREFIX=/home/vusolee806/ydlidar_ros2_ws/install/ydlidar_ros2_driver
[1.150s] DEBUG:colcon.colcon_core.event_handler.log_command:Invoked command in '/home/vusolee806/ydlidar_ros2_ws/build/openslam_gmapping' returned '0': CMAKE_PREFIX_PATH=${CMAKE_PREFIX_PATH}:/opt/ros/jazzy DEBUGINFOD_URLS=https://debuginfod.ubuntu.com /usr/bin/cmake /home/vusolee806/ydlidar_ros2_ws/src/openslam_gmapping -DAMENT_CMAKE_SYMLINK_INSTALL=1 -DCMAKE_INSTALL_PREFIX=/home/vusolee806/ydlidar_ros2_ws/install/openslam_gmapping
[1.152s] DEBUG:colcon.colcon_core.event_handler.log_command:Invoking command in '/home/vusolee806/ydlidar_ros2_ws/build/openslam_gmapping': CMAKE_PREFIX_PATH=${CMAKE_PREFIX_PATH}:/opt/ros/jazzy DEBUGINFOD_URLS=https://debuginfod.ubuntu.com /usr/bin/cmake --build /home/vusolee806/ydlidar_ros2_ws/build/openslam_gmapping -- -j16 -l16
[1.353s] DEBUG:colcon.colcon_core.event_handler.log_command:Invoked command in '/home/vusolee806/ydlidar_ros2_ws/build/openslam_gmapping' returned '0': CMAKE_PREFIX_PATH=${CMAKE_PREFIX_PATH}:/opt/ros/jazzy DEBUGINFOD_URLS=https://debuginfod.ubuntu.com /usr/bin/cmake --build /home/vusolee806/ydlidar_ros2_ws/build/openslam_gmapping -- -j16 -l16
[1.365s] DEBUG:colcon.colcon_core.event_handler.log_command:Invoking command in '/home/vusolee806/ydlidar_ros2_ws/build/openslam_gmapping': CMAKE_PREFIX_PATH=${CMAKE_PREFIX_PATH}:/opt/ros/jazzy DEBUGINFOD_URLS=https://debuginfod.ubuntu.com /usr/bin/cmake --install /home/vusolee806/ydlidar_ros2_ws/build/openslam_gmapping
[1.619s] DEBUG:colcon.colcon_core.event_handler.log_command:Invoked command in '/home/vusolee806/ydlidar_ros2_ws/build/ydlidar_ros2_driver' returned '0': CMAKE_PREFIX_PATH=${CMAKE_PREFIX_PATH}:/opt/ros/jazzy DEBUGINFOD_URLS=https://debuginfod.ubuntu.com /usr/bin/cmake /home/vusolee806/ydlidar_ros2_ws/src/ydlidar_ros2_driver -DAMENT_CMAKE_SYMLINK_INSTALL=1 -DCMAKE_INSTALL_PREFIX=/home/vusolee806/ydlidar_ros2_ws/install/ydlidar_ros2_driver
[1.620s] DEBUG:colcon.colcon_core.event_handler.log_command:Invoking command in '/home/vusolee806/ydlidar_ros2_ws/build/ydlidar_ros2_driver': CMAKE_PREFIX_PATH=${CMAKE_PREFIX_PATH}:/opt/ros/jazzy DEBUGINFOD_URLS=https://debuginfod.ubuntu.com /usr/bin/cmake --build /home/vusolee806/ydlidar_ros2_ws/build/ydlidar_ros2_driver -- -j16 -l16
[1.936s] Level 1:colcon.colcon_core.environment:create_environment_scripts_only(openslam_gmapping)
[1.936s] DEBUG:colcon.colcon_core.event_handler.log_command:Invoked command in '/home/vusolee806/ydlidar_ros2_ws/build/openslam_gmapping' returned '0': CMAKE_PREFIX_PATH=${CMAKE_PREFIX_PATH}:/opt/ros/jazzy DEBUGINFOD_URLS=https://debuginfod.ubuntu.com /usr/bin/cmake --install /home/vusolee806/ydlidar_ros2_ws/build/openslam_gmapping
[1.939s] Level 1:colcon.colcon_core.environment:checking '/home/vusolee806/ydlidar_ros2_ws/install/openslam_gmapping' for CMake module files
[1.940s] Level 1:colcon.colcon_core.environment:checking '/home/vusolee806/ydlidar_ros2_ws/install/openslam_gmapping' for CMake config files
[1.940s] Level 1:colcon.colcon_core.shell:create_environment_hook('openslam_gmapping', 'cmake_prefix_path')
[1.940s] INFO:colcon.colcon_core.shell:Creating environment hook '/home/vusolee806/ydlidar_ros2_ws/install/openslam_gmapping/share/openslam_gmapping/hook/cmake_prefix_path.ps1'
[1.941s] INFO:colcon.colcon_core.shell:Creating environment descriptor '/home/vusolee806/ydlidar_ros2_ws/install/openslam_gmapping/share/openslam_gmapping/hook/cmake_prefix_path.dsv'
[1.941s] INFO:colcon.colcon_core.shell:Creating environment hook '/home/vusolee806/ydlidar_ros2_ws/install/openslam_gmapping/share/openslam_gmapping/hook/cmake_prefix_path.sh'
[1.942s] Level 1:colcon.colcon_core.environment:checking '/home/vusolee806/ydlidar_ros2_ws/install/openslam_gmapping/lib'
[1.942s] Level 1:colcon.colcon_core.environment:checking '/home/vusolee806/ydlidar_ros2_ws/install/openslam_gmapping/bin'
[1.942s] Level 1:colcon.colcon_core.environment:checking '/home/vusolee806/ydlidar_ros2_ws/install/openslam_gmapping/lib/pkgconfig/openslam_gmapping.pc'
[1.942s] Level 1:colcon.colcon_core.environment:checking '/home/vusolee806/ydlidar_ros2_ws/install/openslam_gmapping/lib/python3.12/site-packages'
[1.942s] Level 1:colcon.colcon_core.environment:checking '/home/vusolee806/ydlidar_ros2_ws/install/openslam_gmapping/bin'
[1.943s] INFO:colcon.colcon_core.shell:Creating package script '/home/vusolee806/ydlidar_ros2_ws/install/openslam_gmapping/share/openslam_gmapping/package.ps1'
[1.943s] INFO:colcon.colcon_core.shell:Creating package descriptor '/home/vusolee806/ydlidar_ros2_ws/install/openslam_gmapping/share/openslam_gmapping/package.dsv'
[1.944s] INFO:colcon.colcon_core.shell:Creating package script '/home/vusolee806/ydlidar_ros2_ws/install/openslam_gmapping/share/openslam_gmapping/package.sh'
[1.944s] INFO:colcon.colcon_core.shell:Creating package script '/home/vusolee806/ydlidar_ros2_ws/install/openslam_gmapping/share/openslam_gmapping/package.bash'
[1.945s] INFO:colcon.colcon_core.shell:Creating package script '/home/vusolee806/ydlidar_ros2_ws/install/openslam_gmapping/share/openslam_gmapping/package.zsh'
[1.945s] Level 1:colcon.colcon_core.environment:create_file_with_runtime_dependencies(/home/vusolee806/ydlidar_ros2_ws/install/openslam_gmapping/share/colcon-core/packages/openslam_gmapping)
[1.946s] Level 1:colcon.colcon_core.environment:create_environment_scripts_only(openslam_gmapping)
[1.946s] Level 1:colcon.colcon_core.environment:checking '/home/vusolee806/ydlidar_ros2_ws/install/openslam_gmapping' for CMake module files
[1.946s] Level 1:colcon.colcon_core.environment:checking '/home/vusolee806/ydlidar_ros2_ws/install/openslam_gmapping' for CMake config files
[1.946s] Level 1:colcon.colcon_core.shell:create_environment_hook('openslam_gmapping', 'cmake_prefix_path')
[1.946s] INFO:colcon.colcon_core.shell:Creating environment hook '/home/vusolee806/ydlidar_ros2_ws/install/openslam_gmapping/share/openslam_gmapping/hook/cmake_prefix_path.ps1'
[1.947s] INFO:colcon.colcon_core.shell:Creating environment descriptor '/home/vusolee806/ydlidar_ros2_ws/install/openslam_gmapping/share/openslam_gmapping/hook/cmake_prefix_path.dsv'
[1.947s] INFO:colcon.colcon_core.shell:Creating environment hook '/home/vusolee806/ydlidar_ros2_ws/install/openslam_gmapping/share/openslam_gmapping/hook/cmake_prefix_path.sh'
[1.947s] Level 1:colcon.colcon_core.environment:checking '/home/vusolee806/ydlidar_ros2_ws/install/openslam_gmapping/lib'
[1.947s] Level 1:colcon.colcon_core.environment:checking '/home/vusolee806/ydlidar_ros2_ws/install/openslam_gmapping/bin'
[1.947s] Level 1:colcon.colcon_core.environment:checking '/home/vusolee806/ydlidar_ros2_ws/install/openslam_gmapping/lib/pkgconfig/openslam_gmapping.pc'
[1.948s] Level 1:colcon.colcon_core.environment:checking '/home/vusolee806/ydlidar_ros2_ws/install/openslam_gmapping/lib/python3.12/site-packages'
[1.948s] Level 1:colcon.colcon_core.environment:checking '/home/vusolee806/ydlidar_ros2_ws/install/openslam_gmapping/bin'
[1.948s] INFO:colcon.colcon_core.shell:Creating package script '/home/vusolee806/ydlidar_ros2_ws/install/openslam_gmapping/share/openslam_gmapping/package.ps1'
[1.948s] INFO:colcon.colcon_core.shell:Creating package descriptor '/home/vusolee806/ydlidar_ros2_ws/install/openslam_gmapping/share/openslam_gmapping/package.dsv'
[1.948s] INFO:colcon.colcon_core.shell:Creating package script '/home/vusolee806/ydlidar_ros2_ws/install/openslam_gmapping/share/openslam_gmapping/package.sh'
[1.949s] INFO:colcon.colcon_core.shell:Creating package script '/home/vusolee806/ydlidar_ros2_ws/install/openslam_gmapping/share/openslam_gmapping/package.bash'
[1.949s] INFO:colcon.colcon_core.shell:Creating package script '/home/vusolee806/ydlidar_ros2_ws/install/openslam_gmapping/share/openslam_gmapping/package.zsh'
[1.949s] Level 1:colcon.colcon_core.environment:create_file_with_runtime_dependencies(/home/vusolee806/ydlidar_ros2_ws/install/openslam_gmapping/share/colcon-core/packages/openslam_gmapping)
[1.949s] INFO:colcon.colcon_ros.task.ament_cmake.build:Building ROS package in '/home/vusolee806/ydlidar_ros2_ws/src/slam_gmapping' with build type 'ament_cmake'
[1.950s] INFO:colcon.colcon_cmake.task.cmake.build:Building CMake package in '/home/vusolee806/ydlidar_ros2_ws/src/slam_gmapping'
[1.950s] INFO:colcon.colcon_core.shell:Skip shell extension 'powershell' for command environment: Not usable outside of PowerShell
[1.950s] DEBUG:colcon.colcon_core.shell:Skip shell extension 'dsv' for command environment
[1.959s] DEBUG:colcon.colcon_core.event_handler.log_command:Invoking command in '/home/vusolee806/ydlidar_ros2_ws/build/slam_gmapping': CMAKE_PREFIX_PATH=/home/vusolee806/ydlidar_ros2_ws/install/openslam_gmapping:/home/vusolee806/ydlidar_ros2_ws/install/ydlidar_ros2_driver:/opt/ros/jazzy/opt/gz_sim_vendor:/opt/ros/jazzy/opt/gz_sensors_vendor:/opt/ros/jazzy/opt/gz_physics_vendor:/opt/ros/jazzy/opt/sdformat_vendor:/opt/ros/jazzy/opt/gz_gui_vendor:/opt/ros/jazzy/opt/gz_transport_vendor:/opt/ros/jazzy/opt/gz_rendering_vendor:/opt/ros/jazzy/opt/gz_plugin_vendor:/opt/ros/jazzy/opt/gz_fuel_tools_vendor:/opt/ros/jazzy/opt/gz_msgs_vendor:/opt/ros/jazzy/opt/gz_common_vendor:/opt/ros/jazzy/opt/gz_math_vendor:/opt/ros/jazzy/opt/gz_utils_vendor:/opt/ros/jazzy/opt/gz_tools_vendor:/opt/ros/jazzy/opt/gz_ogre_next_vendor:/opt/ros/jazzy/opt/gz_dartsim_vendor:/opt/ros/jazzy/opt/gz_cmake_vendor:/opt/ros/jazzy DEBUGINFOD_URLS=https://debuginfod.ubuntu.com /usr/bin/cmake /home/vusolee806/ydlidar_ros2_ws/src/slam_gmapping -DAMENT_CMAKE_SYMLINK_INSTALL=1 -DCMAKE_INSTALL_PREFIX=/home/vusolee806/ydlidar_ros2_ws/install/slam_gmapping
[1.994s] DEBUG:colcon.colcon_core.event_handler.log_command:Invoked command in '/home/vusolee806/ydlidar_ros2_ws/build/ydlidar_ros2_driver' returned '0': CMAKE_PREFIX_PATH=${CMAKE_PREFIX_PATH}:/opt/ros/jazzy DEBUGINFOD_URLS=https://debuginfod.ubuntu.com /usr/bin/cmake --build /home/vusolee806/ydlidar_ros2_ws/build/ydlidar_ros2_driver -- -j16 -l16
[1.995s] DEBUG:colcon.colcon_core.event_handler.log_command:Invoking command in '/home/vusolee806/ydlidar_ros2_ws/build/ydlidar_ros2_driver': CMAKE_PREFIX_PATH=${CMAKE_PREFIX_PATH}:/opt/ros/jazzy DEBUGINFOD_URLS=https://debuginfod.ubuntu.com /usr/bin/cmake --install /home/vusolee806/ydlidar_ros2_ws/build/ydlidar_ros2_driver
[2.344s] Level 1:colcon.colcon_core.environment:create_environment_scripts_only(ydlidar_ros2_driver)
[2.344s] Level 1:colcon.colcon_core.environment:checking '/home/vusolee806/ydlidar_ros2_ws/install/ydlidar_ros2_driver' for CMake module files
[2.344s] DEBUG:colcon.colcon_core.event_handler.log_command:Invoked command in '/home/vusolee806/ydlidar_ros2_ws/build/ydlidar_ros2_driver' returned '0': CMAKE_PREFIX_PATH=${CMAKE_PREFIX_PATH}:/opt/ros/jazzy DEBUGINFOD_URLS=https://debuginfod.ubuntu.com /usr/bin/cmake --install /home/vusolee806/ydlidar_ros2_ws/build/ydlidar_ros2_driver
[2.345s] Level 1:colcon.colcon_core.environment:checking '/home/vusolee806/ydlidar_ros2_ws/install/ydlidar_ros2_driver' for CMake config files
[2.345s] Level 1:colcon.colcon_core.shell:create_environment_hook('ydlidar_ros2_driver', 'cmake_prefix_path')
[2.345s] INFO:colcon.colcon_core.shell:Creating environment hook '/home/vusolee806/ydlidar_ros2_ws/install/ydlidar_ros2_driver/share/ydlidar_ros2_driver/hook/cmake_prefix_path.ps1'
[2.345s] INFO:colcon.colcon_core.shell:Creating environment descriptor '/home/vusolee806/ydlidar_ros2_ws/install/ydlidar_ros2_driver/share/ydlidar_ros2_driver/hook/cmake_prefix_path.dsv'
[2.346s] INFO:colcon.colcon_core.shell:Creating environment hook '/home/vusolee806/ydlidar_ros2_ws/install/ydlidar_ros2_driver/share/ydlidar_ros2_driver/hook/cmake_prefix_path.sh'
[2.346s] Level 1:colcon.colcon_core.environment:checking '/home/vusolee806/ydlidar_ros2_ws/install/ydlidar_ros2_driver/lib'
[2.346s] Level 1:colcon.colcon_core.environment:checking '/home/vusolee806/ydlidar_ros2_ws/install/ydlidar_ros2_driver/bin'
[2.346s] Level 1:colcon.colcon_core.environment:checking '/home/vusolee806/ydlidar_ros2_ws/install/ydlidar_ros2_driver/lib/pkgconfig/ydlidar_ros2_driver.pc'
[2.346s] Level 1:colcon.colcon_core.environment:checking '/home/vusolee806/ydlidar_ros2_ws/install/ydlidar_ros2_driver/lib/python3.12/site-packages'
[2.347s] Level 1:colcon.colcon_core.environment:checking '/home/vusolee806/ydlidar_ros2_ws/install/ydlidar_ros2_driver/bin'
[2.347s] INFO:colcon.colcon_core.shell:Creating package script '/home/vusolee806/ydlidar_ros2_ws/install/ydlidar_ros2_driver/share/ydlidar_ros2_driver/package.ps1'
[2.347s] INFO:colcon.colcon_core.shell:Creating package descriptor '/home/vusolee806/ydlidar_ros2_ws/install/ydlidar_ros2_driver/share/ydlidar_ros2_driver/package.dsv'
[2.347s] INFO:colcon.colcon_core.shell:Creating package script '/home/vusolee806/ydlidar_ros2_ws/install/ydlidar_ros2_driver/share/ydlidar_ros2_driver/package.sh'
[2.347s] INFO:colcon.colcon_core.shell:Creating package script '/home/vusolee806/ydlidar_ros2_ws/install/ydlidar_ros2_driver/share/ydlidar_ros2_driver/package.bash'
[2.348s] INFO:colcon.colcon_core.shell:Creating package script '/home/vusolee806/ydlidar_ros2_ws/install/ydlidar_ros2_driver/share/ydlidar_ros2_driver/package.zsh'
[2.348s] Level 1:colcon.colcon_core.environment:create_file_with_runtime_dependencies(/home/vusolee806/ydlidar_ros2_ws/install/ydlidar_ros2_driver/share/colcon-core/packages/ydlidar_ros2_driver)
[2.348s] Level 1:colcon.colcon_core.environment:create_environment_scripts_only(ydlidar_ros2_driver)
[2.348s] Level 1:colcon.colcon_core.environment:checking '/home/vusolee806/ydlidar_ros2_ws/install/ydlidar_ros2_driver' for CMake module files
[2.349s] Level 1:colcon.colcon_core.environment:checking '/home/vusolee806/ydlidar_ros2_ws/install/ydlidar_ros2_driver' for CMake config files
[2.349s] Level 1:colcon.colcon_core.shell:create_environment_hook('ydlidar_ros2_driver', 'cmake_prefix_path')
[2.349s] INFO:colcon.colcon_core.shell:Creating environment hook '/home/vusolee806/ydlidar_ros2_ws/install/ydlidar_ros2_driver/share/ydlidar_ros2_driver/hook/cmake_prefix_path.ps1'
[2.349s] INFO:colcon.colcon_core.shell:Creating environment descriptor '/home/vusolee806/ydlidar_ros2_ws/install/ydlidar_ros2_driver/share/ydlidar_ros2_driver/hook/cmake_prefix_path.dsv'
[2.349s] INFO:colcon.colcon_core.shell:Creating environment hook '/home/vusolee806/ydlidar_ros2_ws/install/ydlidar_ros2_driver/share/ydlidar_ros2_driver/hook/cmake_prefix_path.sh'
[2.350s] Level 1:colcon.colcon_core.environment:checking '/home/vusolee806/ydlidar_ros2_ws/install/ydlidar_ros2_driver/lib'
[2.350s] Level 1:colcon.colcon_core.environment:checking '/home/vusolee806/ydlidar_ros2_ws/install/ydlidar_ros2_driver/bin'
[2.350s] Level 1:colcon.colcon_core.environment:checking '/home/vusolee806/ydlidar_ros2_ws/install/ydlidar_ros2_driver/lib/pkgconfig/ydlidar_ros2_driver.pc'
[2.350s] Level 1:colcon.colcon_core.environment:checking '/home/vusolee806/ydlidar_ros2_ws/install/ydlidar_ros2_driver/lib/python3.12/site-packages'
[2.350s] Level 1:colcon.colcon_core.environment:checking '/home/vusolee806/ydlidar_ros2_ws/install/ydlidar_ros2_driver/bin'
[2.350s] INFO:colcon.colcon_core.shell:Creating package script '/home/vusolee806/ydlidar_ros2_ws/install/ydlidar_ros2_driver/share/ydlidar_ros2_driver/package.ps1'
[2.351s] INFO:colcon.colcon_core.shell:Creating package descriptor '/home/vusolee806/ydlidar_ros2_ws/install/ydlidar_ros2_driver/share/ydlidar_ros2_driver/package.dsv'
[2.352s] INFO:colcon.colcon_core.shell:Creating package script '/home/vusolee806/ydlidar_ros2_ws/install/ydlidar_ros2_driver/share/ydlidar_ros2_driver/package.sh'
[2.352s] INFO:colcon.colcon_core.shell:Creating package script '/home/vusolee806/ydlidar_ros2_ws/install/ydlidar_ros2_driver/share/ydlidar_ros2_driver/package.bash'
[2.352s] INFO:colcon.colcon_core.shell:Creating package script '/home/vusolee806/ydlidar_ros2_ws/install/ydlidar_ros2_driver/share/ydlidar_ros2_driver/package.zsh'
[2.353s] Level 1:colcon.colcon_core.environment:create_file_with_runtime_dependencies(/home/vusolee806/ydlidar_ros2_ws/install/ydlidar_ros2_driver/share/colcon-core/packages/ydlidar_ros2_driver)
[2.613s] DEBUG:colcon.colcon_core.event_handler.log_command:Invoked command in '/home/vusolee806/ydlidar_ros2_ws/build/slam_gmapping' returned '0': CMAKE_PREFIX_PATH=/home/vusolee806/ydlidar_ros2_ws/install/openslam_gmapping:/home/vusolee806/ydlidar_ros2_ws/install/ydlidar_ros2_driver:/opt/ros/jazzy/opt/gz_sim_vendor:/opt/ros/jazzy/opt/gz_sensors_vendor:/opt/ros/jazzy/opt/gz_physics_vendor:/opt/ros/jazzy/opt/sdformat_vendor:/opt/ros/jazzy/opt/gz_gui_vendor:/opt/ros/jazzy/opt/gz_transport_vendor:/opt/ros/jazzy/opt/gz_rendering_vendor:/opt/ros/jazzy/opt/gz_plugin_vendor:/opt/ros/jazzy/opt/gz_fuel_tools_vendor:/opt/ros/jazzy/opt/gz_msgs_vendor:/opt/ros/jazzy/opt/gz_common_vendor:/opt/ros/jazzy/opt/gz_math_vendor:/opt/ros/jazzy/opt/gz_utils_vendor:/opt/ros/jazzy/opt/gz_tools_vendor:/opt/ros/jazzy/opt/gz_ogre_next_vendor:/opt/ros/jazzy/opt/gz_dartsim_vendor:/opt/ros/jazzy/opt/gz_cmake_vendor:/opt/ros/jazzy DEBUGINFOD_URLS=https://debuginfod.ubuntu.com /usr/bin/cmake /home/vusolee806/ydlidar_ros2_ws/src/slam_gmapping -DAMENT_CMAKE_SYMLINK_INSTALL=1 -DCMAKE_INSTALL_PREFIX=/home/vusolee806/ydlidar_ros2_ws/install/slam_gmapping
[2.614s] DEBUG:colcon.colcon_core.event_handler.log_command:Invoking command in '/home/vusolee806/ydlidar_ros2_ws/build/slam_gmapping': CMAKE_PREFIX_PATH=/home/vusolee806/ydlidar_ros2_ws/install/openslam_gmapping:/home/vusolee806/ydlidar_ros2_ws/install/ydlidar_ros2_driver:/opt/ros/jazzy/opt/gz_sim_vendor:/opt/ros/jazzy/opt/gz_sensors_vendor:/opt/ros/jazzy/opt/gz_physics_vendor:/opt/ros/jazzy/opt/sdformat_vendor:/opt/ros/jazzy/opt/gz_gui_vendor:/opt/ros/jazzy/opt/gz_transport_vendor:/opt/ros/jazzy/opt/gz_rendering_vendor:/opt/ros/jazzy/opt/gz_plugin_vendor:/opt/ros/jazzy/opt/gz_fuel_tools_vendor:/opt/ros/jazzy/opt/gz_msgs_vendor:/opt/ros/jazzy/opt/gz_common_vendor:/opt/ros/jazzy/opt/gz_math_vendor:/opt/ros/jazzy/opt/gz_utils_vendor:/opt/ros/jazzy/opt/gz_tools_vendor:/opt/ros/jazzy/opt/gz_ogre_next_vendor:/opt/ros/jazzy/opt/gz_dartsim_vendor:/opt/ros/jazzy/opt/gz_cmake_vendor:/opt/ros/jazzy DEBUGINFOD_URLS=https://debuginfod.ubuntu.com /usr/bin/cmake --build /home/vusolee806/ydlidar_ros2_ws/build/slam_gmapping -- -j16 -l16
[5.945s] DEBUG:colcon.colcon_core.event_handler.log_command:Invoked command in '/home/vusolee806/ydlidar_ros2_ws/build/slam_gmapping' returned '2': CMAKE_PREFIX_PATH=/home/vusolee806/ydlidar_ros2_ws/install/openslam_gmapping:/home/vusolee806/ydlidar_ros2_ws/install/ydlidar_ros2_driver:/opt/ros/jazzy/opt/gz_sim_vendor:/opt/ros/jazzy/opt/gz_sensors_vendor:/opt/ros/jazzy/opt/gz_physics_vendor:/opt/ros/jazzy/opt/sdformat_vendor:/opt/ros/jazzy/opt/gz_gui_vendor:/opt/ros/jazzy/opt/gz_transport_vendor:/opt/ros/jazzy/opt/gz_rendering_vendor:/opt/ros/jazzy/opt/gz_plugin_vendor:/opt/ros/jazzy/opt/gz_fuel_tools_vendor:/opt/ros/jazzy/opt/gz_msgs_vendor:/opt/ros/jazzy/opt/gz_common_vendor:/opt/ros/jazzy/opt/gz_math_vendor:/opt/ros/jazzy/opt/gz_utils_vendor:/opt/ros/jazzy/opt/gz_tools_vendor:/opt/ros/jazzy/opt/gz_ogre_next_vendor:/opt/ros/jazzy/opt/gz_dartsim_vendor:/opt/ros/jazzy/opt/gz_cmake_vendor:/opt/ros/jazzy DEBUGINFOD_URLS=https://debuginfod.ubuntu.com /usr/bin/cmake --build /home/vusolee806/ydlidar_ros2_ws/build/slam_gmapping -- -j16 -l16
[5.945s] Level 1:colcon.colcon_core.environment:create_environment_scripts_only(slam_gmapping)
[5.946s] Level 1:colcon.colcon_core.environment:checking '/home/vusolee806/ydlidar_ros2_ws/install/slam_gmapping' for CMake module files
[5.946s] Level 1:colcon.colcon_core.environment:checking '/home/vusolee806/ydlidar_ros2_ws/install/slam_gmapping' for CMake config files
[5.946s] Level 1:colcon.colcon_core.environment:checking '/home/vusolee806/ydlidar_ros2_ws/install/slam_gmapping/bin'
[5.946s] Level 1:colcon.colcon_core.environment:checking '/home/vusolee806/ydlidar_ros2_ws/install/slam_gmapping/lib/pkgconfig/slam_gmapping.pc'
[5.946s] Level 1:colcon.colcon_core.environment:checking '/home/vusolee806/ydlidar_ros2_ws/install/slam_gmapping/lib/python3.12/site-packages'
[5.946s] Level 1:colcon.colcon_core.environment:checking '/home/vusolee806/ydlidar_ros2_ws/install/slam_gmapping/bin'
[5.947s] INFO:colcon.colcon_core.shell:Creating package script '/home/vusolee806/ydlidar_ros2_ws/install/slam_gmapping/share/slam_gmapping/package.ps1'
[5.947s] INFO:colcon.colcon_core.shell:Creating package descriptor '/home/vusolee806/ydlidar_ros2_ws/install/slam_gmapping/share/slam_gmapping/package.dsv'
[5.947s] INFO:colcon.colcon_core.shell:Creating package script '/home/vusolee806/ydlidar_ros2_ws/install/slam_gmapping/share/slam_gmapping/package.sh'
[5.947s] INFO:colcon.colcon_core.shell:Creating package script '/home/vusolee806/ydlidar_ros2_ws/install/slam_gmapping/share/slam_gmapping/package.bash'
[5.948s] INFO:colcon.colcon_core.shell:Creating package script '/home/vusolee806/ydlidar_ros2_ws/install/slam_gmapping/share/slam_gmapping/package.zsh'
[5.948s] Level 1:colcon.colcon_core.environment:create_file_with_runtime_dependencies(/home/vusolee806/ydlidar_ros2_ws/install/slam_gmapping/share/colcon-core/packages/slam_gmapping)
[5.958s] DEBUG:colcon.colcon_parallel_executor.executor.parallel:closing loop
[5.958s] DEBUG:colcon.colcon_parallel_executor.executor.parallel:loop closed
[5.958s] DEBUG:colcon.colcon_parallel_executor.executor.parallel:run_until_complete finished with '2'
[5.958s] DEBUG:colcon.colcon_core.event_reactor:joining thread
[5.964s] INFO:colcon.colcon_core.plugin_system:Skipping extension 'colcon_notification.desktop_notification.terminal_notifier': Not used on non-Darwin systems
[5.964s] INFO:colcon.colcon_core.plugin_system:Skipping extension 'colcon_notification.desktop_notification.win32': Not used on non-Windows systems
[5.964s] INFO:colcon.colcon_notification.desktop_notification:Sending desktop notification using 'notify2'
[5.975s] DEBUG:colcon.colcon_core.event_reactor:joined thread
[5.976s] INFO:colcon.colcon_core.shell:Creating prefix script '/home/vusolee806/ydlidar_ros2_ws/install/local_setup.ps1'
[5.977s] INFO:colcon.colcon_core.shell:Creating prefix util module '/home/vusolee806/ydlidar_ros2_ws/install/_local_setup_util_ps1.py'
[5.978s] INFO:colcon.colcon_core.shell:Creating prefix chain script '/home/vusolee806/ydlidar_ros2_ws/install/setup.ps1'
[5.978s] INFO:colcon.colcon_core.shell:Creating prefix script '/home/vusolee806/ydlidar_ros2_ws/install/local_setup.sh'
[5.979s] INFO:colcon.colcon_core.shell:Creating prefix util module '/home/vusolee806/ydlidar_ros2_ws/install/_local_setup_util_sh.py'
[5.979s] INFO:colcon.colcon_core.shell:Creating prefix chain script '/home/vusolee806/ydlidar_ros2_ws/install/setup.sh'
[5.980s] INFO:colcon.colcon_core.shell:Creating prefix script '/home/vusolee806/ydlidar_ros2_ws/install/local_setup.bash'
[5.980s] INFO:colcon.colcon_core.shell:Creating prefix chain script '/home/vusolee806/ydlidar_ros2_ws/install/setup.bash'
[5.981s] INFO:colcon.colcon_core.shell:Creating prefix script '/home/vusolee806/ydlidar_ros2_ws/install/local_setup.zsh'
[5.981s] INFO:colcon.colcon_core.shell:Creating prefix chain script '/home/vusolee806/ydlidar_ros2_ws/install/setup.zsh'
